[0.350s] DEBUG:colcon:Command line arguments: ['/usr/bin/colcon', 'build']
[0.350s] DEBUG:colcon:Parsed command line arguments: Namespace(log_base=None, log_level=None, verb_name='build', build_base='build', install_base='install', merge_install=False, symlink_install=False, test_result_base=None, continue_on_error=False, executor='parallel', parallel_workers=12, event_handlers=None, ignore_user_meta=False, metas=['./colcon.meta'], base_paths=['.'], packages_ignore=None, packages_ignore_regex=None, paths=None, packages_up_to=None, packages_up_to_regex=None, packages_above=None, packages_above_and_dependencies=None, packages_above_depth=None, packages_select_by_dep=None, packages_skip_by_dep=None, packages_skip_up_to=None, packages_select_build_failed=False, packages_skip_build_finished=False, packages_select_test_failures=False, packages_skip_test_passed=False, packages_select=None, packages_skip=None, packages_select_regex=None, packages_skip_regex=None, packages_start=None, packages_end=None, cmake_args=None, cmake_target=None, cmake_target_skip_unavailable=False, cmake_clean_cache=False, cmake_clean_first=False, cmake_force_configure=False, ament_cmake_args=None, catkin_cmake_args=None, catkin_skip_building_tests=False, mixin_files=None, mixin=None, verb_parser=<colcon_mixin.mixin.mixin_argument.MixinArgumentDecorator object at 0x71dfadcd7190>, verb_extension=<colcon_core.verb.build.BuildVerb object at 0x71dfade200a0>, main=<bound method BuildVerb.main of <colcon_core.verb.build.BuildVerb object at 0x71dfade200a0>>, mixin_verb=('build',))
[0.586s] Level 1:colcon.colcon_core.package_discovery:discover_packages(colcon_meta) check parameters
[0.587s] INFO:colcon.colcon_metadata.package_discovery.colcon_meta:Using configuration from '/root/.colcon/metadata/default/Gazebo.meta'
[0.588s] INFO:colcon.colcon_metadata.package_discovery.colcon_meta:Using configuration from '/root/.colcon/metadata/default/fastrtps.meta'
[0.588s] Level 1:colcon.colcon_core.package_discovery:discover_packages(recursive) check parameters
[0.588s] Level 1:colcon.colcon_core.package_discovery:discover_packages(ignore) check parameters
[0.588s] Level 1:colcon.colcon_core.package_discovery:discover_packages(path) check parameters
[0.588s] Level 1:colcon.colcon_core.package_discovery:discover_packages(colcon_meta) discover
[0.588s] Level 1:colcon.colcon_core.package_discovery:discover_packages(recursive) discover
[0.588s] INFO:colcon.colcon_core.package_discovery:Crawling recursively for packages in '/home/autodrive_devkit/src'
[0.588s] Level 1:colcon.colcon_core.package_identification:_identify(.) by extensions ['ignore', 'ignore_ament_install']
[0.589s] Level 1:colcon.colcon_core.package_identification:_identify(.) by extension 'ignore'
[0.589s] Level 1:colcon.colcon_core.package_identification:_identify(.) by extension 'ignore_ament_install'
[0.589s] Level 1:colcon.colcon_core.package_identification:_identify(.) by extensions ['colcon_pkg']
[0.589s] Level 1:colcon.colcon_core.package_identification:_identify(.) by extension 'colcon_pkg'
[0.589s] Level 1:colcon.colcon_core.package_identification:_identify(.) by extensions ['colcon_meta']
[0.589s] Level 1:colcon.colcon_core.package_identification:_identify(.) by extension 'colcon_meta'
[0.589s] Level 1:colcon.colcon_core.package_identification:_identify(.) by extensions ['ros']
[0.589s] Level 1:colcon.colcon_core.package_identification:_identify(.) by extension 'ros'
[0.603s] Level 1:colcon.colcon_core.package_identification:_identify(.) by extensions ['cmake', 'python']
[0.603s] Level 1:colcon.colcon_core.package_identification:_identify(.) by extension 'cmake'
[0.603s] Level 1:colcon.colcon_core.package_identification:_identify(.) by extension 'python'
[0.604s] Level 1:colcon.colcon_core.package_identification:_identify(.) by extensions ['python_setup_py']
[0.604s] Level 1:colcon.colcon_core.package_identification:_identify(.) by extension 'python_setup_py'
[0.604s] Level 1:colcon.colcon_core.package_identification:_identify(autodrive_devkit) by extensions ['ignore', 'ignore_ament_install']
[0.604s] Level 1:colcon.colcon_core.package_identification:_identify(autodrive_devkit) by extension 'ignore'
[0.604s] Level 1:colcon.colcon_core.package_identification:_identify(autodrive_devkit) by extension 'ignore_ament_install'
[0.604s] Level 1:colcon.colcon_core.package_identification:_identify(autodrive_devkit) by extensions ['colcon_pkg']
[0.604s] Level 1:colcon.colcon_core.package_identification:_identify(autodrive_devkit) by extension 'colcon_pkg'
[0.604s] Level 1:colcon.colcon_core.package_identification:_identify(autodrive_devkit) by extensions ['colcon_meta']
[0.604s] Level 1:colcon.colcon_core.package_identification:_identify(autodrive_devkit) by extension 'colcon_meta'
[0.604s] Level 1:colcon.colcon_core.package_identification:_identify(autodrive_devkit) by extensions ['ros']
[0.604s] Level 1:colcon.colcon_core.package_identification:_identify(autodrive_devkit) by extension 'ros'
[0.607s] DEBUG:colcon.colcon_core.package_identification:Package 'autodrive_devkit' with type 'ros.ament_python' and name 'autodrive_roboracer'
[0.607s] Level 1:colcon.colcon_core.package_identification:_identify(build) by extensions ['ignore', 'ignore_ament_install']
[0.608s] Level 1:colcon.colcon_core.package_identification:_identify(build) by extension 'ignore'
[0.608s] Level 1:colcon.colcon_core.package_identification:_identify(build) ignored
[0.608s] Level 1:colcon.colcon_core.package_identification:_identify(install) by extensions ['ignore', 'ignore_ament_install']
[0.608s] Level 1:colcon.colcon_core.package_identification:_identify(install) by extension 'ignore'
[0.608s] Level 1:colcon.colcon_core.package_identification:_identify(install) ignored
[0.608s] Level 1:colcon.colcon_core.package_identification:_identify(log) by extensions ['ignore', 'ignore_ament_install']
[0.608s] Level 1:colcon.colcon_core.package_identification:_identify(log) by extension 'ignore'
[0.608s] Level 1:colcon.colcon_core.package_identification:_identify(log) ignored
[0.608s] Level 1:colcon.colcon_core.package_identification:_identify(simple_agent) by extensions ['ignore', 'ignore_ament_install']
[0.608s] Level 1:colcon.colcon_core.package_identification:_identify(simple_agent) by extension 'ignore'
[0.609s] Level 1:colcon.colcon_core.package_identification:_identify(simple_agent) by extension 'ignore_ament_install'
[0.609s] Level 1:colcon.colcon_core.package_identification:_identify(simple_agent) by extensions ['colcon_pkg']
[0.609s] Level 1:colcon.colcon_core.package_identification:_identify(simple_agent) by extension 'colcon_pkg'
[0.609s] Level 1:colcon.colcon_core.package_identification:_identify(simple_agent) by extensions ['colcon_meta']
[0.609s] Level 1:colcon.colcon_core.package_identification:_identify(simple_agent) by extension 'colcon_meta'
[0.609s] Level 1:colcon.colcon_core.package_identification:_identify(simple_agent) by extensions ['ros']
[0.609s] Level 1:colcon.colcon_core.package_identification:_identify(simple_agent) by extension 'ros'
[0.609s] DEBUG:colcon.colcon_core.package_identification:Package 'simple_agent' with type 'ros.ament_python' and name 'simple_agent'
[0.609s] Level 1:colcon.colcon_core.package_identification:_identify(slam_toolbox) by extensions ['ignore', 'ignore_ament_install']
[0.610s] Level 1:colcon.colcon_core.package_identification:_identify(slam_toolbox) by extension 'ignore'
[0.610s] Level 1:colcon.colcon_core.package_identification:_identify(slam_toolbox) by extension 'ignore_ament_install'
[0.610s] Level 1:colcon.colcon_core.package_identification:_identify(slam_toolbox) by extensions ['colcon_pkg']
[0.610s] Level 1:colcon.colcon_core.package_identification:_identify(slam_toolbox) by extension 'colcon_pkg'
[0.610s] Level 1:colcon.colcon_core.package_identification:_identify(slam_toolbox) by extensions ['colcon_meta']
[0.610s] Level 1:colcon.colcon_core.package_identification:_identify(slam_toolbox) by extension 'colcon_meta'
[0.610s] Level 1:colcon.colcon_core.package_identification:_identify(slam_toolbox) by extensions ['ros']
[0.610s] Level 1:colcon.colcon_core.package_identification:_identify(slam_toolbox) by extension 'ros'
[0.611s] DEBUG:colcon.colcon_core.package_identification:Package 'slam_toolbox' with type 'ros.ament_cmake' and name 'slam_toolbox'
[0.611s] Level 1:colcon.colcon_core.package_discovery:discover_packages(recursive) using defaults
[0.611s] Level 1:colcon.colcon_core.package_discovery:discover_packages(ignore) discover
[0.611s] Level 1:colcon.colcon_core.package_discovery:discover_packages(ignore) using defaults
[0.611s] Level 1:colcon.colcon_core.package_discovery:discover_packages(path) discover
[0.611s] Level 1:colcon.colcon_core.package_discovery:discover_packages(path) using defaults
[0.646s] Level 5:colcon.colcon_core.verb:set package 'autodrive_roboracer' build argument 'cmake_args' from command line to 'None'
[0.646s] Level 5:colcon.colcon_core.verb:set package 'autodrive_roboracer' build argument 'cmake_target' from command line to 'None'
[0.646s] Level 5:colcon.colcon_core.verb:set package 'autodrive_roboracer' build argument 'cmake_target_skip_unavailable' from command line to 'False'
[0.646s] Level 5:colcon.colcon_core.verb:set package 'autodrive_roboracer' build argument 'cmake_clean_cache' from command line to 'False'
[0.646s] Level 5:colcon.colcon_core.verb:set package 'autodrive_roboracer' build argument 'cmake_clean_first' from command line to 'False'
[0.646s] Level 5:colcon.colcon_core.verb:set package 'autodrive_roboracer' build argument 'cmake_force_configure' from command line to 'False'
[0.646s] Level 5:colcon.colcon_core.verb:set package 'autodrive_roboracer' build argument 'ament_cmake_args' from command line to 'None'
[0.646s] Level 5:colcon.colcon_core.verb:set package 'autodrive_roboracer' build argument 'catkin_cmake_args' from command line to 'None'
[0.646s] Level 5:colcon.colcon_core.verb:set package 'autodrive_roboracer' build argument 'catkin_skip_building_tests' from command line to 'False'
[0.646s] DEBUG:colcon.colcon_core.verb:Building package 'autodrive_roboracer' with the following arguments: {'ament_cmake_args': None, 'build_base': '/home/autodrive_devkit/src/build/autodrive_roboracer', 'catkin_cmake_args': None, 'catkin_skip_building_tests': False, 'cmake_args': None, 'cmake_clean_cache': False, 'cmake_clean_first': False, 'cmake_force_configure': False, 'cmake_target': None, 'cmake_target_skip_unavailable': False, 'install_base': '/home/autodrive_devkit/src/install/autodrive_roboracer', 'merge_install': False, 'path': '/home/autodrive_devkit/src/autodrive_devkit', 'symlink_install': False, 'test_result_base': None}
[0.647s] Level 5:colcon.colcon_core.verb:set package 'simple_agent' build argument 'cmake_args' from command line to 'None'
[0.647s] Level 5:colcon.colcon_core.verb:set package 'simple_agent' build argument 'cmake_target' from command line to 'None'
[0.647s] Level 5:colcon.colcon_core.verb:set package 'simple_agent' build argument 'cmake_target_skip_unavailable' from command line to 'False'
[0.647s] Level 5:colcon.colcon_core.verb:set package 'simple_agent' build argument 'cmake_clean_cache' from command line to 'False'
[0.647s] Level 5:colcon.colcon_core.verb:set package 'simple_agent' build argument 'cmake_clean_first' from command line to 'False'
[0.647s] Level 5:colcon.colcon_core.verb:set package 'simple_agent' build argument 'cmake_force_configure' from command line to 'False'
[0.647s] Level 5:colcon.colcon_core.verb:set package 'simple_agent' build argument 'ament_cmake_args' from command line to 'None'
[0.647s] Level 5:colcon.colcon_core.verb:set package 'simple_agent' build argument 'catkin_cmake_args' from command line to 'None'
[0.647s] Level 5:colcon.colcon_core.verb:set package 'simple_agent' build argument 'catkin_skip_building_tests' from command line to 'False'
[0.647s] DEBUG:colcon.colcon_core.verb:Building package 'simple_agent' with the following arguments: {'ament_cmake_args': None, 'build_base': '/home/autodrive_devkit/src/build/simple_agent', 'catkin_cmake_args': None, 'catkin_skip_building_tests': False, 'cmake_args': None, 'cmake_clean_cache': False, 'cmake_clean_first': False, 'cmake_force_configure': False, 'cmake_target': None, 'cmake_target_skip_unavailable': False, 'install_base': '/home/autodrive_devkit/src/install/simple_agent', 'merge_install': False, 'path': '/home/autodrive_devkit/src/simple_agent', 'symlink_install': False, 'test_result_base': None}
[0.647s] Level 5:colcon.colcon_core.verb:set package 'slam_toolbox' build argument 'cmake_args' from command line to 'None'
[0.647s] Level 5:colcon.colcon_core.verb:set package 'slam_toolbox' build argument 'cmake_target' from command line to 'None'
[0.647s] Level 5:colcon.colcon_core.verb:set package 'slam_toolbox' build argument 'cmake_target_skip_unavailable' from command line to 'False'
[0.647s] Level 5:colcon.colcon_core.verb:set package 'slam_toolbox' build argument 'cmake_clean_cache' from command line to 'False'
[0.647s] Level 5:colcon.colcon_core.verb:set package 'slam_toolbox' build argument 'cmake_clean_first' from command line to 'False'
[0.647s] Level 5:colcon.colcon_core.verb:set package 'slam_toolbox' build argument 'cmake_force_configure' from command line to 'False'
[0.647s] Level 5:colcon.colcon_core.verb:set package 'slam_toolbox' build argument 'ament_cmake_args' from command line to 'None'
[0.647s] Level 5:colcon.colcon_core.verb:set package 'slam_toolbox' build argument 'catkin_cmake_args' from command line to 'None'
[0.647s] Level 5:colcon.colcon_core.verb:set package 'slam_toolbox' build argument 'catkin_skip_building_tests' from command line to 'False'
[0.647s] DEBUG:colcon.colcon_core.verb:Building package 'slam_toolbox' with the following arguments: {'ament_cmake_args': None, 'build_base': '/home/autodrive_devkit/src/build/slam_toolbox', 'catkin_cmake_args': None, 'catkin_skip_building_tests': False, 'cmake_args': None, 'cmake_clean_cache': False, 'cmake_clean_first': False, 'cmake_force_configure': False, 'cmake_target': None, 'cmake_target_skip_unavailable': False, 'install_base': '/home/autodrive_devkit/src/install/slam_toolbox', 'merge_install': False, 'path': '/home/autodrive_devkit/src/slam_toolbox', 'symlink_install': False, 'test_result_base': None}
[0.647s] INFO:colcon.colcon_core.executor:Executing jobs using 'parallel' executor
[0.648s] DEBUG:colcon.colcon_parallel_executor.executor.parallel:run_until_complete
[0.649s] INFO:colcon.colcon_ros.task.ament_python.build:Building ROS package in '/home/autodrive_devkit/src/autodrive_devkit' with build type 'ament_python'
[0.649s] Level 1:colcon.colcon_core.shell:create_environment_hook('autodrive_roboracer', 'ament_prefix_path')
[0.655s] INFO:colcon.colcon_core.plugin_system:Skipping extension 'colcon_core.shell.bat': Not used on non-Windows systems
[0.655s] INFO:colcon.colcon_core.shell:Creating environment hook '/home/autodrive_devkit/src/install/autodrive_roboracer/share/autodrive_roboracer/hook/ament_prefix_path.ps1'
[0.658s] INFO:colcon.colcon_core.shell:Creating environment descriptor '/home/autodrive_devkit/src/install/autodrive_roboracer/share/autodrive_roboracer/hook/ament_prefix_path.dsv'
[0.659s] INFO:colcon.colcon_core.shell:Creating environment hook '/home/autodrive_devkit/src/install/autodrive_roboracer/share/autodrive_roboracer/hook/ament_prefix_path.sh'
[0.660s] INFO:colcon.colcon_core.shell:Skip shell extension 'powershell' for command environment: Not usable outside of PowerShell
[0.660s] DEBUG:colcon.colcon_core.shell:Skip shell extension 'dsv' for command environment
[0.669s] INFO:colcon.colcon_ros.task.ament_python.build:Building ROS package in '/home/autodrive_devkit/src/simple_agent' with build type 'ament_python'
[0.669s] Level 1:colcon.colcon_core.shell:create_environment_hook('simple_agent', 'ament_prefix_path')
[0.670s] INFO:colcon.colcon_core.shell:Creating environment hook '/home/autodrive_devkit/src/install/simple_agent/share/simple_agent/hook/ament_prefix_path.ps1'
[0.672s] INFO:colcon.colcon_core.shell:Creating environment descriptor '/home/autodrive_devkit/src/install/simple_agent/share/simple_agent/hook/ament_prefix_path.dsv'
[0.672s] INFO:colcon.colcon_core.shell:Creating environment hook '/home/autodrive_devkit/src/install/simple_agent/share/simple_agent/hook/ament_prefix_path.sh'
[0.673s] INFO:colcon.colcon_core.shell:Skip shell extension 'powershell' for command environment: Not usable outside of PowerShell
[0.673s] DEBUG:colcon.colcon_core.shell:Skip shell extension 'dsv' for command environment
[0.677s] INFO:colcon.colcon_ros.task.ament_cmake.build:Building ROS package in '/home/autodrive_devkit/src/slam_toolbox' with build type 'ament_cmake'
[0.677s] INFO:colcon.colcon_cmake.task.cmake.build:Building CMake package in '/home/autodrive_devkit/src/slam_toolbox'
[0.677s] INFO:colcon.colcon_core.shell:Skip shell extension 'powershell' for command environment: Not usable outside of PowerShell
[0.677s] DEBUG:colcon.colcon_core.shell:Skip shell extension 'dsv' for command environment
[0.906s] INFO:colcon.colcon_core.task.python.build:Building Python package in '/home/autodrive_devkit/src/autodrive_devkit'
[0.906s] INFO:colcon.colcon_core.shell:Skip shell extension 'powershell' for command environment: Not usable outside of PowerShell
[0.906s] DEBUG:colcon.colcon_core.shell:Skip shell extension 'dsv' for command environment
[1.123s] INFO:colcon.colcon_core.task.python.build:Building Python package in '/home/autodrive_devkit/src/simple_agent'
[1.124s] INFO:colcon.colcon_core.shell:Skip shell extension 'powershell' for command environment: Not usable outside of PowerShell
[1.124s] DEBUG:colcon.colcon_core.shell:Skip shell extension 'dsv' for command environment
[1.133s] DEBUG:colcon.colcon_core.event_handler.log_command:Invoking command in '/home/autodrive_devkit/src/build/slam_toolbox': CMAKE_PREFIX_PATH=/home/autodrive_devkit/install/simple_agent:/home/autodrive_devkit/install/autodrive_roboracer:/opt/ros/humble /usr/bin/cmake /home/autodrive_devkit/src/slam_toolbox -DCMAKE_INSTALL_PREFIX=/home/autodrive_devkit/src/install/slam_toolbox
[1.524s] DEBUG:colcon.colcon_core.event_handler.log_command:Invoking command in '/home/autodrive_devkit/src/autodrive_devkit': PYTHONPATH=/home/autodrive_devkit/src/build/autodrive_roboracer/prefix_override:/usr/lib/python3/dist-packages/colcon_core/task/python/colcon_distutils_commands:/home/autodrive_devkit/src/install/autodrive_roboracer/lib/python3.10/site-packages:${PYTHONPATH} /usr/bin/python3 -W ignore:setup.py install is deprecated -W ignore:easy_install command is deprecated setup.py egg_info --egg-base ../build/autodrive_roboracer build --build-base /home/autodrive_devkit/src/build/autodrive_roboracer/build install --record /home/autodrive_devkit/src/build/autodrive_roboracer/install.log --single-version-externally-managed install_data
[1.526s] DEBUG:colcon.colcon_core.event_handler.log_command:Invoking command in '/home/autodrive_devkit/src/simple_agent': PYTHONPATH=/home/autodrive_devkit/src/build/simple_agent/prefix_override:/usr/lib/python3/dist-packages/colcon_core/task/python/colcon_distutils_commands:/home/autodrive_devkit/src/install/simple_agent/lib/python3.10/site-packages:${PYTHONPATH} /usr/bin/python3 -W ignore:setup.py install is deprecated -W ignore:easy_install command is deprecated setup.py egg_info --egg-base ../build/simple_agent build --build-base /home/autodrive_devkit/src/build/simple_agent/build install --record /home/autodrive_devkit/src/build/simple_agent/install.log --single-version-externally-managed install_data
[1.837s] DEBUG:colcon.colcon_core.event_handler.log_command:Invoked command in '/home/autodrive_devkit/src/simple_agent' returned '0': PYTHONPATH=/home/autodrive_devkit/src/build/simple_agent/prefix_override:/usr/lib/python3/dist-packages/colcon_core/task/python/colcon_distutils_commands:/home/autodrive_devkit/src/install/simple_agent/lib/python3.10/site-packages:${PYTHONPATH} /usr/bin/python3 -W ignore:setup.py install is deprecated -W ignore:easy_install command is deprecated setup.py egg_info --egg-base ../build/simple_agent build --build-base /home/autodrive_devkit/src/build/simple_agent/build install --record /home/autodrive_devkit/src/build/simple_agent/install.log --single-version-externally-managed install_data
[1.846s] Level 1:colcon.colcon_core.environment:checking '/home/autodrive_devkit/src/install/simple_agent' for CMake module files
[1.847s] Level 1:colcon.colcon_core.environment:checking '/home/autodrive_devkit/src/install/simple_agent' for CMake config files
[1.848s] Level 1:colcon.colcon_core.environment:checking '/home/autodrive_devkit/src/install/simple_agent/lib'
[1.848s] Level 1:colcon.colcon_core.environment:checking '/home/autodrive_devkit/src/install/simple_agent/bin'
[1.848s] Level 1:colcon.colcon_core.environment:checking '/home/autodrive_devkit/src/install/simple_agent/lib/pkgconfig/simple_agent.pc'
[1.848s] Level 1:colcon.colcon_core.environment:checking '/home/autodrive_devkit/src/install/simple_agent/lib/python3.10/site-packages'
[1.848s] Level 1:colcon.colcon_core.shell:create_environment_hook('simple_agent', 'pythonpath')
[1.849s] INFO:colcon.colcon_core.shell:Creating environment hook '/home/autodrive_devkit/src/install/simple_agent/share/simple_agent/hook/pythonpath.ps1'
[1.849s] INFO:colcon.colcon_core.shell:Creating environment descriptor '/home/autodrive_devkit/src/install/simple_agent/share/simple_agent/hook/pythonpath.dsv'
[1.850s] INFO:colcon.colcon_core.shell:Creating environment hook '/home/autodrive_devkit/src/install/simple_agent/share/simple_agent/hook/pythonpath.sh'
[1.850s] Level 1:colcon.colcon_core.environment:checking '/home/autodrive_devkit/src/install/simple_agent/bin'
[1.850s] Level 1:colcon.colcon_core.environment:create_environment_scripts_only(simple_agent)
[1.851s] INFO:colcon.colcon_core.shell:Creating package script '/home/autodrive_devkit/src/install/simple_agent/share/simple_agent/package.ps1'
[1.852s] INFO:colcon.colcon_core.shell:Creating package descriptor '/home/autodrive_devkit/src/install/simple_agent/share/simple_agent/package.dsv'
[1.853s] INFO:colcon.colcon_core.shell:Creating package script '/home/autodrive_devkit/src/install/simple_agent/share/simple_agent/package.sh'
[1.855s] INFO:colcon.colcon_core.shell:Creating package script '/home/autodrive_devkit/src/install/simple_agent/share/simple_agent/package.bash'
[1.856s] INFO:colcon.colcon_core.shell:Creating package script '/home/autodrive_devkit/src/install/simple_agent/share/simple_agent/package.zsh'
[1.857s] Level 1:colcon.colcon_core.environment:create_file_with_runtime_dependencies(/home/autodrive_devkit/src/install/simple_agent/share/colcon-core/packages/simple_agent)
[1.861s] Level 1:colcon.colcon_core.environment:checking '/home/autodrive_devkit/src/install/autodrive_roboracer' for CMake module files
[1.862s] DEBUG:colcon.colcon_core.event_handler.log_command:Invoked command in '/home/autodrive_devkit/src/autodrive_devkit' returned '0': PYTHONPATH=/home/autodrive_devkit/src/build/autodrive_roboracer/prefix_override:/usr/lib/python3/dist-packages/colcon_core/task/python/colcon_distutils_commands:/home/autodrive_devkit/src/install/autodrive_roboracer/lib/python3.10/site-packages:${PYTHONPATH} /usr/bin/python3 -W ignore:setup.py install is deprecated -W ignore:easy_install command is deprecated setup.py egg_info --egg-base ../build/autodrive_roboracer build --build-base /home/autodrive_devkit/src/build/autodrive_roboracer/build install --record /home/autodrive_devkit/src/build/autodrive_roboracer/install.log --single-version-externally-managed install_data
[1.862s] Level 1:colcon.colcon_core.environment:checking '/home/autodrive_devkit/src/install/autodrive_roboracer' for CMake config files
[1.863s] Level 1:colcon.colcon_core.environment:checking '/home/autodrive_devkit/src/install/autodrive_roboracer/lib'
[1.864s] Level 1:colcon.colcon_core.environment:checking '/home/autodrive_devkit/src/install/autodrive_roboracer/bin'
[1.864s] Level 1:colcon.colcon_core.environment:checking '/home/autodrive_devkit/src/install/autodrive_roboracer/lib/pkgconfig/autodrive_roboracer.pc'
[1.864s] Level 1:colcon.colcon_core.environment:checking '/home/autodrive_devkit/src/install/autodrive_roboracer/lib/python3.10/site-packages'
[1.864s] Level 1:colcon.colcon_core.shell:create_environment_hook('autodrive_roboracer', 'pythonpath')
[1.865s] INFO:colcon.colcon_core.shell:Creating environment hook '/home/autodrive_devkit/src/install/autodrive_roboracer/share/autodrive_roboracer/hook/pythonpath.ps1'
[1.865s] INFO:colcon.colcon_core.shell:Creating environment descriptor '/home/autodrive_devkit/src/install/autodrive_roboracer/share/autodrive_roboracer/hook/pythonpath.dsv'
[1.866s] INFO:colcon.colcon_core.shell:Creating environment hook '/home/autodrive_devkit/src/install/autodrive_roboracer/share/autodrive_roboracer/hook/pythonpath.sh'
[1.867s] Level 1:colcon.colcon_core.environment:checking '/home/autodrive_devkit/src/install/autodrive_roboracer/bin'
[1.867s] Level 1:colcon.colcon_core.environment:create_environment_scripts_only(autodrive_roboracer)
[1.867s] INFO:colcon.colcon_core.shell:Creating package script '/home/autodrive_devkit/src/install/autodrive_roboracer/share/autodrive_roboracer/package.ps1'
[1.868s] INFO:colcon.colcon_core.shell:Creating package descriptor '/home/autodrive_devkit/src/install/autodrive_roboracer/share/autodrive_roboracer/package.dsv'
[1.868s] INFO:colcon.colcon_core.shell:Creating package script '/home/autodrive_devkit/src/install/autodrive_roboracer/share/autodrive_roboracer/package.sh'
[1.869s] INFO:colcon.colcon_core.shell:Creating package script '/home/autodrive_devkit/src/install/autodrive_roboracer/share/autodrive_roboracer/package.bash'
[1.869s] INFO:colcon.colcon_core.shell:Creating package script '/home/autodrive_devkit/src/install/autodrive_roboracer/share/autodrive_roboracer/package.zsh'
[1.870s] Level 1:colcon.colcon_core.environment:create_file_with_runtime_dependencies(/home/autodrive_devkit/src/install/autodrive_roboracer/share/colcon-core/packages/autodrive_roboracer)
[6.572s] DEBUG:colcon.colcon_core.event_handler.log_command:Invoked command in '/home/autodrive_devkit/src/build/slam_toolbox' returned '0': CMAKE_PREFIX_PATH=/home/autodrive_devkit/install/simple_agent:/home/autodrive_devkit/install/autodrive_roboracer:/opt/ros/humble /usr/bin/cmake /home/autodrive_devkit/src/slam_toolbox -DCMAKE_INSTALL_PREFIX=/home/autodrive_devkit/src/install/slam_toolbox
[6.575s] DEBUG:colcon.colcon_core.event_handler.log_command:Invoking command in '/home/autodrive_devkit/src/build/slam_toolbox': CMAKE_PREFIX_PATH=/home/autodrive_devkit/install/simple_agent:/home/autodrive_devkit/install/autodrive_roboracer:/opt/ros/humble /usr/bin/cmake --build /home/autodrive_devkit/src/build/slam_toolbox -- -j12 -l12
[162.608s] DEBUG:colcon.colcon_core.event_handler.log_command:Invoked command in '/home/autodrive_devkit/src/build/slam_toolbox' returned '0': CMAKE_PREFIX_PATH=/home/autodrive_devkit/install/simple_agent:/home/autodrive_devkit/install/autodrive_roboracer:/opt/ros/humble /usr/bin/cmake --build /home/autodrive_devkit/src/build/slam_toolbox -- -j12 -l12
[162.728s] DEBUG:colcon.colcon_core.event_handler.log_command:Invoking command in '/home/autodrive_devkit/src/build/slam_toolbox': CMAKE_PREFIX_PATH=/home/autodrive_devkit/install/simple_agent:/home/autodrive_devkit/install/autodrive_roboracer:/opt/ros/humble /usr/bin/cmake --install /home/autodrive_devkit/src/build/slam_toolbox
[163.118s] Level 1:colcon.colcon_core.environment:create_environment_scripts_only(slam_toolbox)
[163.130s] DEBUG:colcon.colcon_core.event_handler.log_command:Invoked command in '/home/autodrive_devkit/src/build/slam_toolbox' returned '0': CMAKE_PREFIX_PATH=/home/autodrive_devkit/install/simple_agent:/home/autodrive_devkit/install/autodrive_roboracer:/opt/ros/humble /usr/bin/cmake --install /home/autodrive_devkit/src/build/slam_toolbox
[163.148s] Level 1:colcon.colcon_core.environment:checking '/home/autodrive_devkit/src/install/slam_toolbox' for CMake module files
[163.152s] Level 1:colcon.colcon_core.environment:checking '/home/autodrive_devkit/src/install/slam_toolbox' for CMake config files
[163.157s] Level 1:colcon.colcon_core.shell:create_environment_hook('slam_toolbox', 'cmake_prefix_path')
[163.160s] INFO:colcon.colcon_core.shell:Creating environment hook '/home/autodrive_devkit/src/install/slam_toolbox/share/slam_toolbox/hook/cmake_prefix_path.ps1'
[163.189s] INFO:colcon.colcon_core.shell:Creating environment descriptor '/home/autodrive_devkit/src/install/slam_toolbox/share/slam_toolbox/hook/cmake_prefix_path.dsv'
[163.196s] INFO:colcon.colcon_core.shell:Creating environment hook '/home/autodrive_devkit/src/install/slam_toolbox/share/slam_toolbox/hook/cmake_prefix_path.sh'
[163.205s] Level 1:colcon.colcon_core.environment:checking '/home/autodrive_devkit/src/install/slam_toolbox/lib'
[163.206s] Level 1:colcon.colcon_core.shell:create_environment_hook('slam_toolbox', 'ld_library_path_lib')
[163.207s] INFO:colcon.colcon_core.shell:Creating environment hook '/home/autodrive_devkit/src/install/slam_toolbox/share/slam_toolbox/hook/ld_library_path_lib.ps1'
[163.208s] INFO:colcon.colcon_core.shell:Creating environment descriptor '/home/autodrive_devkit/src/install/slam_toolbox/share/slam_toolbox/hook/ld_library_path_lib.dsv'
[163.209s] INFO:colcon.colcon_core.shell:Creating environment hook '/home/autodrive_devkit/src/install/slam_toolbox/share/slam_toolbox/hook/ld_library_path_lib.sh'
[163.209s] Level 1:colcon.colcon_core.environment:checking '/home/autodrive_devkit/src/install/slam_toolbox/bin'
[163.210s] Level 1:colcon.colcon_core.environment:checking '/home/autodrive_devkit/src/install/slam_toolbox/lib/pkgconfig/slam_toolbox.pc'
[163.217s] Level 1:colcon.colcon_core.environment:checking '/home/autodrive_devkit/src/install/slam_toolbox/lib/python3.10/site-packages'
[163.217s] Level 1:colcon.colcon_core.environment:checking '/home/autodrive_devkit/src/install/slam_toolbox/bin'
[163.218s] INFO:colcon.colcon_core.shell:Creating package script '/home/autodrive_devkit/src/install/slam_toolbox/share/slam_toolbox/package.ps1'
[163.222s] INFO:colcon.colcon_core.shell:Creating package descriptor '/home/autodrive_devkit/src/install/slam_toolbox/share/slam_toolbox/package.dsv'
[163.222s] INFO:colcon.colcon_core.shell:Creating package script '/home/autodrive_devkit/src/install/slam_toolbox/share/slam_toolbox/package.sh'
[163.225s] INFO:colcon.colcon_core.shell:Creating package script '/home/autodrive_devkit/src/install/slam_toolbox/share/slam_toolbox/package.bash'
[163.229s] INFO:colcon.colcon_core.shell:Creating package script '/home/autodrive_devkit/src/install/slam_toolbox/share/slam_toolbox/package.zsh'
[163.232s] Level 1:colcon.colcon_core.environment:create_file_with_runtime_dependencies(/home/autodrive_devkit/src/install/slam_toolbox/share/colcon-core/packages/slam_toolbox)
[163.237s] Level 1:colcon.colcon_core.environment:create_environment_scripts_only(slam_toolbox)
[163.238s] Level 1:colcon.colcon_core.environment:checking '/home/autodrive_devkit/src/install/slam_toolbox' for CMake module files
[163.238s] Level 1:colcon.colcon_core.environment:checking '/home/autodrive_devkit/src/install/slam_toolbox' for CMake config files
[163.239s] Level 1:colcon.colcon_core.shell:create_environment_hook('slam_toolbox', 'cmake_prefix_path')
[163.239s] INFO:colcon.colcon_core.shell:Creating environment hook '/home/autodrive_devkit/src/install/slam_toolbox/share/slam_toolbox/hook/cmake_prefix_path.ps1'
[163.239s] INFO:colcon.colcon_core.shell:Creating environment descriptor '/home/autodrive_devkit/src/install/slam_toolbox/share/slam_toolbox/hook/cmake_prefix_path.dsv'
[163.240s] INFO:colcon.colcon_core.shell:Creating environment hook '/home/autodrive_devkit/src/install/slam_toolbox/share/slam_toolbox/hook/cmake_prefix_path.sh'
[163.241s] Level 1:colcon.colcon_core.environment:checking '/home/autodrive_devkit/src/install/slam_toolbox/lib'
[163.241s] Level 1:colcon.colcon_core.shell:create_environment_hook('slam_toolbox', 'ld_library_path_lib')
[163.242s] INFO:colcon.colcon_core.shell:Creating environment hook '/home/autodrive_devkit/src/install/slam_toolbox/share/slam_toolbox/hook/ld_library_path_lib.ps1'
[163.242s] INFO:colcon.colcon_core.shell:Creating environment descriptor '/home/autodrive_devkit/src/install/slam_toolbox/share/slam_toolbox/hook/ld_library_path_lib.dsv'
[163.243s] INFO:colcon.colcon_core.shell:Creating environment hook '/home/autodrive_devkit/src/install/slam_toolbox/share/slam_toolbox/hook/ld_library_path_lib.sh'
[163.244s] Level 1:colcon.colcon_core.environment:checking '/home/autodrive_devkit/src/install/slam_toolbox/bin'
[163.244s] Level 1:colcon.colcon_core.environment:checking '/home/autodrive_devkit/src/install/slam_toolbox/lib/pkgconfig/slam_toolbox.pc'
[163.244s] Level 1:colcon.colcon_core.environment:checking '/home/autodrive_devkit/src/install/slam_toolbox/lib/python3.10/site-packages'
[163.245s] Level 1:colcon.colcon_core.environment:checking '/home/autodrive_devkit/src/install/slam_toolbox/bin'
[163.245s] INFO:colcon.colcon_core.shell:Creating package script '/home/autodrive_devkit/src/install/slam_toolbox/share/slam_toolbox/package.ps1'
[163.255s] INFO:colcon.colcon_core.shell:Creating package descriptor '/home/autodrive_devkit/src/install/slam_toolbox/share/slam_toolbox/package.dsv'
[163.256s] INFO:colcon.colcon_core.shell:Creating package script '/home/autodrive_devkit/src/install/slam_toolbox/share/slam_toolbox/package.sh'
[163.256s] INFO:colcon.colcon_core.shell:Creating package script '/home/autodrive_devkit/src/install/slam_toolbox/share/slam_toolbox/package.bash'
[163.257s] INFO:colcon.colcon_core.shell:Creating package script '/home/autodrive_devkit/src/install/slam_toolbox/share/slam_toolbox/package.zsh'
[163.258s] Level 1:colcon.colcon_core.environment:create_file_with_runtime_dependencies(/home/autodrive_devkit/src/install/slam_toolbox/share/colcon-core/packages/slam_toolbox)
[163.261s] DEBUG:colcon.colcon_parallel_executor.executor.parallel:closing loop
[163.271s] DEBUG:colcon.colcon_parallel_executor.executor.parallel:loop closed
[163.272s] DEBUG:colcon.colcon_parallel_executor.executor.parallel:run_until_complete finished with '0'
[163.275s] DEBUG:colcon.colcon_core.event_reactor:joining thread
[163.373s] INFO:colcon.colcon_core.plugin_system:Skipping extension 'colcon_notification.desktop_notification.notify_send': Could not find 'notify-send'
[163.373s] INFO:colcon.colcon_core.plugin_system:Skipping extension 'colcon_notification.desktop_notification.terminal_notifier': Not used on non-Darwin systems
[163.374s] INFO:colcon.colcon_core.plugin_system:Skipping extension 'colcon_notification.desktop_notification.win32': Not used on non-Windows systems
[163.375s] INFO:colcon.colcon_notification.desktop_notification:Sending desktop notification using 'notify2'
[163.391s] DEBUG:colcon.colcon_notification.desktop_notification.notify2:Failed to initialize notify2: org.freedesktop.DBus.Error.Spawn.ExecFailed: /usr/bin/dbus-launch terminated abnormally without any error message
[163.393s] DEBUG:colcon.colcon_core.event_reactor:joined thread
[163.397s] INFO:colcon.colcon_core.shell:Creating prefix script '/home/autodrive_devkit/src/install/local_setup.ps1'
[163.401s] INFO:colcon.colcon_core.shell:Creating prefix util module '/home/autodrive_devkit/src/install/_local_setup_util_ps1.py'
[163.404s] INFO:colcon.colcon_core.shell:Creating prefix chain script '/home/autodrive_devkit/src/install/setup.ps1'
[163.408s] INFO:colcon.colcon_core.shell:Creating prefix script '/home/autodrive_devkit/src/install/local_setup.sh'
[163.410s] INFO:colcon.colcon_core.shell:Creating prefix util module '/home/autodrive_devkit/src/install/_local_setup_util_sh.py'
[163.411s] INFO:colcon.colcon_core.shell:Creating prefix chain script '/home/autodrive_devkit/src/install/setup.sh'
[163.414s] INFO:colcon.colcon_core.shell:Creating prefix script '/home/autodrive_devkit/src/install/local_setup.bash'
[163.415s] INFO:colcon.colcon_core.shell:Creating prefix chain script '/home/autodrive_devkit/src/install/setup.bash'
[163.417s] INFO:colcon.colcon_core.shell:Creating prefix script '/home/autodrive_devkit/src/install/local_setup.zsh'
[163.418s] INFO:colcon.colcon_core.shell:Creating prefix chain script '/home/autodrive_devkit/src/install/setup.zsh'
