Determining if the function sgemm_ exists failed with the following output:
Change Dir: /home/autodrive_devkit/src/build/slam_toolbox/CMakeFiles/CMakeTmp

Run Build Command(s):/usr/bin/gmake -f Makefile cmTC_d2807/fast && /usr/bin/gmake  -f CMakeFiles/cmTC_d2807.dir/build.make CMakeFiles/cmTC_d2807.dir/build
gmake[1]: Entering directory '/home/autodrive_devkit/src/build/slam_toolbox/CMakeFiles/CMakeTmp'
Building C object CMakeFiles/cmTC_d2807.dir/CheckFunctionExists.c.o
/usr/bin/cc   -DCHECK_FUNCTION_EXISTS=sgemm_ -o CMakeFiles/cmTC_d2807.dir/CheckFunctionExists.c.o -c /usr/share/cmake-3.22/Modules/CheckFunctionExists.c
Linking C executable cmTC_d2807
/usr/bin/cmake -E cmake_link_script CMakeFiles/cmTC_d2807.dir/link.txt --verbose=1
/usr/bin/cc  -DCHECK_FUNCTION_EXISTS=sgemm_ CMakeFiles/cmTC_d2807.dir/CheckFunctionExists.c.o -o cmTC_d2807 
/usr/bin/ld: CMakeFiles/cmTC_d2807.dir/CheckFunctionExists.c.o: in function `main':
CheckFunctionExists.c:(.text+0x14): undefined reference to `sgemm_'
collect2: error: ld returned 1 exit status
gmake[1]: *** [CMakeFiles/cmTC_d2807.dir/build.make:99: cmTC_d2807] Error 1
gmake[1]: Leaving directory '/home/autodrive_devkit/src/build/slam_toolbox/CMakeFiles/CMakeTmp'
gmake: *** [Makefile:127: cmTC_d2807/fast] Error 2



Determining if the function cheev_ exists failed with the following output:
Change Dir: /home/autodrive_devkit/src/build/slam_toolbox/CMakeFiles/CMakeTmp

Run Build Command(s):/usr/bin/gmake -f Makefile cmTC_cb8db/fast && /usr/bin/gmake  -f CMakeFiles/cmTC_cb8db.dir/build.make CMakeFiles/cmTC_cb8db.dir/build
gmake[1]: Entering directory '/home/autodrive_devkit/src/build/slam_toolbox/CMakeFiles/CMakeTmp'
Building C object CMakeFiles/cmTC_cb8db.dir/CheckFunctionExists.c.o
/usr/bin/cc   -DCHECK_FUNCTION_EXISTS=cheev_ -o CMakeFiles/cmTC_cb8db.dir/CheckFunctionExists.c.o -c /usr/share/cmake-3.22/Modules/CheckFunctionExists.c
Linking C executable cmTC_cb8db
/usr/bin/cmake -E cmake_link_script CMakeFiles/cmTC_cb8db.dir/link.txt --verbose=1
/usr/bin/cc  -DCHECK_FUNCTION_EXISTS=cheev_ CMakeFiles/cmTC_cb8db.dir/CheckFunctionExists.c.o -o cmTC_cb8db  /usr/lib/x86_64-linux-gnu/libblas.so -lm -ldl 
/usr/bin/ld: CMakeFiles/cmTC_cb8db.dir/CheckFunctionExists.c.o: in function `main':
CheckFunctionExists.c:(.text+0x14): undefined reference to `cheev_'
collect2: error: ld returned 1 exit status
gmake[1]: *** [CMakeFiles/cmTC_cb8db.dir/build.make:100: cmTC_cb8db] Error 1
gmake[1]: Leaving directory '/home/autodrive_devkit/src/build/slam_toolbox/CMakeFiles/CMakeTmp'
gmake: *** [Makefile:127: cmTC_cb8db/fast] Error 2



Determining if the function cheev_ exists failed with the following output:
Change Dir: /home/autodrive_devkit/src/build/slam_toolbox/CMakeFiles/CMakeTmp

Run Build Command(s):/usr/bin/gmake -f Makefile cmTC_a739e/fast && /usr/bin/gmake  -f CMakeFiles/cmTC_a739e.dir/build.make CMakeFiles/cmTC_a739e.dir/build
gmake[1]: Entering directory '/home/autodrive_devkit/src/build/slam_toolbox/CMakeFiles/CMakeTmp'
Building C object CMakeFiles/cmTC_a739e.dir/CheckFunctionExists.c.o
/usr/bin/cc   -DCHECK_FUNCTION_EXISTS=cheev_ -o CMakeFiles/cmTC_a739e.dir/CheckFunctionExists.c.o -c /usr/share/cmake-3.22/Modules/CheckFunctionExists.c
Linking C executable cmTC_a739e
/usr/bin/cmake -E cmake_link_script CMakeFiles/cmTC_a739e.dir/link.txt --verbose=1
/usr/bin/cc  -DCHECK_FUNCTION_EXISTS=cheev_ CMakeFiles/cmTC_a739e.dir/CheckFunctionExists.c.o -o cmTC_a739e  /usr/lib/x86_64-linux-gnu/liblapack.so /usr/lib/x86_64-linux-gnu/libblas.so -fortranlibs 
cc: error: unrecognized command-line option ‘-fortranlibs’
gmake[1]: *** [CMakeFiles/cmTC_a739e.dir/build.make:101: cmTC_a739e] Error 1
gmake[1]: Leaving directory '/home/autodrive_devkit/src/build/slam_toolbox/CMakeFiles/CMakeTmp'
gmake: *** [Makefile:127: cmTC_a739e/fast] Error 2



