[0.875s] Invoking command in '/home/autodrive_devkit/src/autodrive_devkit': PYTHONPATH=/home/autodrive_devkit/src/build/autodrive_roboracer/prefix_override:/usr/lib/python3/dist-packages/colcon_core/task/python/colcon_distutils_commands:/home/autodrive_devkit/src/install/autodrive_roboracer/lib/python3.10/site-packages:${PYTHONPATH} /usr/bin/python3 -W ignore:setup.py install is deprecated -W ignore:easy_install command is deprecated setup.py egg_info --egg-base ../build/autodrive_roboracer build --build-base /home/autodrive_devkit/src/build/autodrive_roboracer/build install --record /home/autodrive_devkit/src/build/autodrive_roboracer/install.log --single-version-externally-managed install_data
[1.110s] running egg_info
[1.111s] creating ../build/autodrive_roboracer/autodrive_roboracer.egg-info
[1.111s] writing ../build/autodrive_roboracer/autodrive_roboracer.egg-info/PKG-INFO
[1.112s] writing dependency_links to ../build/autodrive_roboracer/autodrive_roboracer.egg-info/dependency_links.txt
[1.112s] writing entry points to ../build/autodrive_roboracer/autodrive_roboracer.egg-info/entry_points.txt
[1.112s] writing requirements to ../build/autodrive_roboracer/autodrive_roboracer.egg-info/requires.txt
[1.112s] writing top-level names to ../build/autodrive_roboracer/autodrive_roboracer.egg-info/top_level.txt
[1.113s] writing manifest file '../build/autodrive_roboracer/autodrive_roboracer.egg-info/SOURCES.txt'
[1.115s] reading manifest file '../build/autodrive_roboracer/autodrive_roboracer.egg-info/SOURCES.txt'
[1.115s] writing manifest file '../build/autodrive_roboracer/autodrive_roboracer.egg-info/SOURCES.txt'
[1.116s] running build
[1.116s] running build_py
[1.116s] creating /home/autodrive_devkit/src/build/autodrive_roboracer/build
[1.117s] creating /home/autodrive_devkit/src/build/autodrive_roboracer/build/lib
[1.117s] creating /home/autodrive_devkit/src/build/autodrive_roboracer/build/lib/autodrive_roboracer
[1.117s] copying autodrive_roboracer/autodrive_bridge.py -> /home/autodrive_devkit/src/build/autodrive_roboracer/build/lib/autodrive_roboracer
[1.118s] copying autodrive_roboracer/__init__.py -> /home/autodrive_devkit/src/build/autodrive_roboracer/build/lib/autodrive_roboracer
[1.118s] copying autodrive_roboracer/teleop_keyboard.py -> /home/autodrive_devkit/src/build/autodrive_roboracer/build/lib/autodrive_roboracer
[1.119s] copying autodrive_roboracer/config.py -> /home/autodrive_devkit/src/build/autodrive_roboracer/build/lib/autodrive_roboracer
[1.119s] running install
[1.120s] running install_lib
[1.120s] creating /home/autodrive_devkit/src/install/autodrive_roboracer/lib/python3.10/site-packages/autodrive_roboracer
[1.121s] copying /home/autodrive_devkit/src/build/autodrive_roboracer/build/lib/autodrive_roboracer/autodrive_bridge.py -> /home/autodrive_devkit/src/install/autodrive_roboracer/lib/python3.10/site-packages/autodrive_roboracer
[1.121s] copying /home/autodrive_devkit/src/build/autodrive_roboracer/build/lib/autodrive_roboracer/__init__.py -> /home/autodrive_devkit/src/install/autodrive_roboracer/lib/python3.10/site-packages/autodrive_roboracer
[1.122s] copying /home/autodrive_devkit/src/build/autodrive_roboracer/build/lib/autodrive_roboracer/teleop_keyboard.py -> /home/autodrive_devkit/src/install/autodrive_roboracer/lib/python3.10/site-packages/autodrive_roboracer
[1.122s] copying /home/autodrive_devkit/src/build/autodrive_roboracer/build/lib/autodrive_roboracer/config.py -> /home/autodrive_devkit/src/install/autodrive_roboracer/lib/python3.10/site-packages/autodrive_roboracer
[1.122s] byte-compiling /home/autodrive_devkit/src/install/autodrive_roboracer/lib/python3.10/site-packages/autodrive_roboracer/autodrive_bridge.py to autodrive_bridge.cpython-310.pyc
[1.127s] byte-compiling /home/autodrive_devkit/src/install/autodrive_roboracer/lib/python3.10/site-packages/autodrive_roboracer/__init__.py to __init__.cpython-310.pyc
[1.127s] byte-compiling /home/autodrive_devkit/src/install/autodrive_roboracer/lib/python3.10/site-packages/autodrive_roboracer/teleop_keyboard.py to teleop_keyboard.cpython-310.pyc
[1.127s] byte-compiling /home/autodrive_devkit/src/install/autodrive_roboracer/lib/python3.10/site-packages/autodrive_roboracer/config.py to config.cpython-310.pyc
[1.128s] running install_data
[1.128s] creating /home/autodrive_devkit/src/install/autodrive_roboracer/share/ament_index
[1.128s] creating /home/autodrive_devkit/src/install/autodrive_roboracer/share/ament_index/resource_index
[1.129s] creating /home/autodrive_devkit/src/install/autodrive_roboracer/share/ament_index/resource_index/packages
[1.129s] copying resource/autodrive_roboracer -> /home/autodrive_devkit/src/install/autodrive_roboracer/share/ament_index/resource_index/packages
[1.129s] copying package.xml -> /home/autodrive_devkit/src/install/autodrive_roboracer/share/autodrive_roboracer
[1.130s] creating /home/autodrive_devkit/src/install/autodrive_roboracer/share/autodrive_roboracer/launch
[1.130s] copying launch/bringup_graphics.launch.py -> /home/autodrive_devkit/src/install/autodrive_roboracer/share/autodrive_roboracer/launch
[1.131s] copying launch/bringup_headless.launch.py -> /home/autodrive_devkit/src/install/autodrive_roboracer/share/autodrive_roboracer/launch
[1.131s] creating /home/autodrive_devkit/src/install/autodrive_roboracer/share/autodrive_roboracer/rviz
[1.131s] copying rviz/autodrive_roboracer.rviz -> /home/autodrive_devkit/src/install/autodrive_roboracer/share/autodrive_roboracer/rviz
[1.132s] running install_egg_info
[1.134s] Copying ../build/autodrive_roboracer/autodrive_roboracer.egg-info to /home/autodrive_devkit/src/install/autodrive_roboracer/lib/python3.10/site-packages/autodrive_roboracer-0.1.0-py3.10.egg-info
[1.136s] running install_scripts
[1.157s] Installing autodrive_bridge script to /home/autodrive_devkit/src/install/autodrive_roboracer/lib/autodrive_roboracer
[1.158s] Installing teleop_keyboard script to /home/autodrive_devkit/src/install/autodrive_roboracer/lib/autodrive_roboracer
[1.158s] writing list of installed files to '/home/autodrive_devkit/src/build/autodrive_roboracer/install.log'
[1.212s] Invoked command in '/home/autodrive_devkit/src/autodrive_devkit' returned '0': PYTHONPATH=/home/autodrive_devkit/src/build/autodrive_roboracer/prefix_override:/usr/lib/python3/dist-packages/colcon_core/task/python/colcon_distutils_commands:/home/autodrive_devkit/src/install/autodrive_roboracer/lib/python3.10/site-packages:${PYTHONPATH} /usr/bin/python3 -W ignore:setup.py install is deprecated -W ignore:easy_install command is deprecated setup.py egg_info --egg-base ../build/autodrive_roboracer build --build-base /home/autodrive_devkit/src/build/autodrive_roboracer/build install --record /home/autodrive_devkit/src/build/autodrive_roboracer/install.log --single-version-externally-managed install_data
