[0.455s] Invoking command in '/home/autodrive_devkit/src/build/slam_toolbox': CMAKE_PREFIX_PATH=/home/autodrive_devkit/install/simple_agent:/home/autodrive_devkit/install/autodrive_roboracer:/opt/ros/humble /usr/bin/cmake /home/autodrive_devkit/src/slam_toolbox -DCMAKE_INSTALL_PREFIX=/home/autodrive_devkit/src/install/slam_toolbox
[0.725s] -- The C compiler identification is GNU 11.4.0
[0.871s] -- The CXX compiler identification is GNU 11.4.0
[0.887s] -- Detecting C compiler ABI info
[1.004s] -- Detecting C compiler ABI info - done
[1.011s] -- Check for working C compiler: /usr/bin/cc - skipped
[1.011s] -- Detecting C compile features
[1.012s] -- Detecting C compile features - done
[1.016s] -- Detecting CXX compiler ABI info
[1.132s] -- Detecting CXX compiler ABI info - done
[1.138s] -- Check for working CXX compiler: /usr/bin/c++ - skipped
[1.138s] -- Detecting CXX compile features
[1.139s] -- Detecting CXX compile features - done
[1.157s] -- Found ament_cmake: 1.3.11 (/opt/ros/humble/share/ament_cmake/cmake)
[1.340s] -- Found Python3: /usr/bin/python3 (found version "3.10.12") found components: Interpreter 
[1.471s] -- Found message_filters: 4.3.5 (/opt/ros/humble/share/message_filters/cmake)
[1.564s] -- Found rosidl_generator_c: 3.1.6 (/opt/ros/humble/share/rosidl_generator_c/cmake)
[1.574s] -- Found rosidl_adapter: 3.1.6 (/opt/ros/humble/share/rosidl_adapter/cmake)
[1.589s] -- Found rosidl_generator_cpp: 3.1.6 (/opt/ros/humble/share/rosidl_generator_cpp/cmake)
[1.612s] -- Using all available rosidl_typesupport_c: rosidl_typesupport_fastrtps_c;rosidl_typesupport_introspection_c
[1.638s] -- Using all available rosidl_typesupport_cpp: rosidl_typesupport_fastrtps_cpp;rosidl_typesupport_introspection_cpp
[1.709s] -- Found rmw_implementation_cmake: 6.1.2 (/opt/ros/humble/share/rmw_implementation_cmake/cmake)
[1.714s] -- Found rmw_fastrtps_cpp: 6.2.7 (/opt/ros/humble/share/rmw_fastrtps_cpp/cmake)
[1.864s] -- Found OpenSSL: /usr/lib/x86_64-linux-gnu/libcrypto.so (found version "3.0.2")  
[1.900s] -- Found FastRTPS: /opt/ros/humble/include  
[1.957s] -- Using RMW implementation 'rmw_fastrtps_cpp' as default
[1.974s] -- Looking for pthread.h
[2.074s] -- Looking for pthread.h - found
[2.074s] -- Performing Test CMAKE_HAVE_LIBC_PTHREAD
[2.163s] -- Performing Test CMAKE_HAVE_LIBC_PTHREAD - Success
[2.164s] -- Found Threads: TRUE  
[2.238s] -- Found nav_msgs: 4.2.4 (/opt/ros/humble/share/nav_msgs/cmake)
[2.279s] -- Found sensor_msgs: 4.2.4 (/opt/ros/humble/share/sensor_msgs/cmake)
[2.307s] -- Found tf2: 0.25.12 (/opt/ros/humble/share/tf2/cmake)
[2.327s] -- Found tf2_ros: 0.25.12 (/opt/ros/humble/share/tf2_ros/cmake)
[2.456s] -- Found visualization_msgs: 4.2.4 (/opt/ros/humble/share/visualization_msgs/cmake)
[2.494s] -- Found pluginlib: 5.1.0 (/opt/ros/humble/share/pluginlib/cmake)
[2.528s] -- Found tf2_geometry_msgs: 0.25.12 (/opt/ros/humble/share/tf2_geometry_msgs/cmake)
[2.555s] -- Found eigen3_cmake_module: 0.1.1 (/opt/ros/humble/share/eigen3_cmake_module/cmake)
[2.557s] -- Found Eigen3: TRUE (found version "3.4.0") 
[2.557s] -- Ensuring Eigen3 include directory is part of orocos-kdl CMake target
[2.561s] -- Found tf2_sensor_msgs: 0.25.12 (/opt/ros/humble/share/tf2_sensor_msgs/cmake)
[2.568s] -- Found std_srvs: 4.2.4 (/opt/ros/humble/share/std_srvs/cmake)
[2.584s] -- Found rosidl_default_generators: 1.2.0 (/opt/ros/humble/share/rosidl_default_generators/cmake)
[2.599s] -- Found rviz_common: 11.2.16 (/opt/ros/humble/share/rviz_common/cmake)
[2.647s] -- Setting assimp_DIR to: '/opt/ros/humble/share/rviz_assimp_vendor/cmake/../../../opt/rviz_assimp_vendor/lib/cmake/assimp-4.1'
[2.661s] -- Setting OGRE_DIR to: '/opt/ros/humble/share/rviz_ogre_vendor/cmake/../../../opt/rviz_ogre_vendor/lib/OGRE/cmake'
[2.665s] -- Found OGRE
[2.665s] --   static     : OFF
[2.665s] --   components : HLMS;MeshLodGenerator;Overlay;Paging;Property;RTShaderSystem;Terrain;Volume
[2.665s] --   plugins    : Plugin_BSPSceneManager;Plugin_OctreeSceneManager;Plugin_PCZSceneManager;Plugin_ParticleFX;RenderSystem_GL;RenderSystem_GL3Plus;Codec_STBI
[2.665s] --   media      : /opt/ros/humble/opt/rviz_ogre_vendor/share/OGRE/Media
[2.665s] -- OGRE_LIBRARIES: OgreHLMS;OgreMeshLodGenerator;OgreOverlay;OgrePaging;OgreProperty;OgreRTShaderSystem;OgreTerrain;OgreVolume;OgreMain
[2.665s] -- OGRE_LIBRARY_DIRS: /opt/ros/humble/opt/rviz_ogre_vendor/lib
[2.666s] -- OGRE_PLUGINS: Plugin_BSPSceneManager;Plugin_OctreeSceneManager;Plugin_PCZSceneManager;Plugin_ParticleFX;RenderSystem_GL;RenderSystem_GL3Plus;Codec_STBI
[2.666s] -- OGRE_PLUGIN_DIR: /opt/ros/humble/opt/rviz_ogre_vendor/lib/OGRE
[2.666s] -- rviz_ogre_vendor::OgreOverlay for IMPORTED_LOCATION_RELEASE: /opt/ros/humble/opt/rviz_ogre_vendor/lib/libOgreOverlay.so
[2.666s] -- rviz_ogre_vendor::OgreOverlay for IMPORTED_LOCATION_DEBUG: /opt/ros/humble/opt/rviz_ogre_vendor/lib/libOgreOverlay.so
[2.666s] -- rviz_ogre_vendor::OgreMain for IMPORTED_LOCATION_RELEASE: /opt/ros/humble/opt/rviz_ogre_vendor/lib/libOgreMain.so
[2.666s] -- rviz_ogre_vendor::OgreMain for IMPORTED_LOCATION_DEBUG: /opt/ros/humble/opt/rviz_ogre_vendor/lib/libOgreMain.so
[2.666s] -- Could not find freeimage library
[2.684s] -- Found ZLIB: /usr/lib/x86_64-linux-gnu/libz.so (found version "1.2.11") 
[2.691s] -- Found OpenGL: /usr/lib/x86_64-linux-gnu/libOpenGL.so   
[2.803s] -- Found X11: /usr/include   
[2.803s] -- Looking for XOpenDisplay in /usr/lib/x86_64-linux-gnu/libX11.so;/usr/lib/x86_64-linux-gnu/libXext.so
[2.905s] -- Looking for XOpenDisplay in /usr/lib/x86_64-linux-gnu/libX11.so;/usr/lib/x86_64-linux-gnu/libXext.so - found
[2.905s] -- Looking for gethostbyname
[2.987s] -- Looking for gethostbyname - found
[2.987s] -- Looking for connect
[3.070s] -- Looking for connect - found
[3.070s] -- Looking for remove
[3.153s] -- Looking for remove - found
[3.153s] -- Looking for shmat
[3.235s] -- Looking for shmat - found
[3.236s] -- Looking for IceConnectionNumber in ICE
[3.321s] -- Looking for IceConnectionNumber in ICE - found
[3.437s] -- library: /usr/lib/x86_64-linux-gnu/libcurl.so
[3.478s] -- Found rviz_default_plugins: 11.2.16 (/opt/ros/humble/share/rviz_default_plugins/cmake)
[3.580s] -- Found Boost: /usr/lib/x86_64-linux-gnu/cmake/Boost-1.74.0/BoostConfig.cmake (found version "1.74.0") found components: system serialization filesystem thread 
[3.594s] -- Found PkgConfig: /usr/bin/pkg-config (found version "0.29.2") 
[3.601s] -- Found CHOLMOD: /usr/include/suitesparse  
[3.603s] -- Found CSparse: /usr/include/suitesparse  
[3.628s] -- Looking for sgemm_
[3.711s] -- Looking for sgemm_ - not found
[3.744s] -- Looking for sgemm_
[3.831s] -- Looking for sgemm_ - found
[3.831s] -- Found BLAS: /usr/lib/x86_64-linux-gnu/libblas.so  
[3.833s] -- Looking for cheev_
[3.923s] -- Looking for cheev_ - not found
[3.931s] -- Looking for cheev_
[4.001s] -- Looking for cheev_ - not found
[4.002s] -- Looking for cheev_
[4.100s] -- Looking for cheev_ - found
[4.100s] -- Found LAPACK: /usr/lib/x86_64-linux-gnu/liblapack.so;/usr/lib/x86_64-linux-gnu/libblas.so  
[4.108s] -- Found required Ceres dependency: Eigen version 3.4.0 in /usr/include/eigen3
[4.119s] -- Found required Ceres dependency: glog
[4.119s] -- Found required Ceres dependency: gflags
[4.120s] -- Found Ceres version: 2.0.0 installed in: /usr with components: [EigenSparse, SparseLinearAlgebraLibrary, LAPACK, SuiteSparse, CXSparse, SchurSpecializations, Multithreading]
[4.502s] -- Found ament_cmake_ros: 0.10.0 (/opt/ros/humble/share/ament_cmake_ros/cmake)
[5.006s] -- Using all available rosidl_typesupport_c: rosidl_typesupport_fastrtps_c;rosidl_typesupport_introspection_c
[5.199s] -- Using all available rosidl_typesupport_cpp: rosidl_typesupport_fastrtps_cpp;rosidl_typesupport_introspection_cpp
[5.224s] -- Found PythonInterp: /usr/bin/python3 (found suitable version "3.10.12", minimum required is "3.6") 
[5.228s] -- Found python_cmake_module: 0.10.0 (/opt/ros/humble/share/python_cmake_module/cmake)
[5.258s] -- Found PythonLibs: /usr/lib/x86_64-linux-gnu/libpython3.10.so (found suitable version "3.10.12", minimum required is "3.5") 
[5.258s] -- Using PYTHON_EXECUTABLE: /usr/bin/python3
[5.258s] -- Using PYTHON_INCLUDE_DIRS: /usr/include/python3.10
[5.258s] -- Using PYTHON_LIBRARIES: /usr/lib/x86_64-linux-gnu/libpython3.10.so
[5.279s] -- Found PythonExtra: .so  
[5.405s] -- Configuring done
[5.819s] -- Generating done
[5.873s] -- Build files have been written to: /home/autodrive_devkit/src/build/slam_toolbox
[5.895s] Invoked command in '/home/autodrive_devkit/src/build/slam_toolbox' returned '0': CMAKE_PREFIX_PATH=/home/autodrive_devkit/install/simple_agent:/home/autodrive_devkit/install/autodrive_roboracer:/opt/ros/humble /usr/bin/cmake /home/autodrive_devkit/src/slam_toolbox -DCMAKE_INSTALL_PREFIX=/home/autodrive_devkit/src/install/slam_toolbox
[5.897s] Invoking command in '/home/autodrive_devkit/src/build/slam_toolbox': CMAKE_PREFIX_PATH=/home/autodrive_devkit/install/simple_agent:/home/autodrive_devkit/install/autodrive_roboracer:/opt/ros/humble /usr/bin/cmake --build /home/autodrive_devkit/src/build/slam_toolbox -- -j12 -l12
[5.957s] [  1%] [34m[1mGenerating C code for ROS interfaces[0m
[5.970s] [  3%] [34m[1mGenerating C++ code for ROS interfaces[0m
[5.970s] [  3%] [32mBuilding CXX object lib/karto_sdk/CMakeFiles/kartoSlamToolbox.dir/src/Mapper.cpp.o[0m
[5.970s] [  3%] [32mBuilding CXX object lib/karto_sdk/CMakeFiles/kartoSlamToolbox.dir/src/Karto.cpp.o[0m
[5.984s] [  3%] Built target ament_cmake_python_copy_slam_toolbox
[6.221s] running egg_info
[6.221s] creating slam_toolbox.egg-info
[6.222s] writing slam_toolbox.egg-info/PKG-INFO
[6.222s] writing dependency_links to slam_toolbox.egg-info/dependency_links.txt
[6.223s] writing top-level names to slam_toolbox.egg-info/top_level.txt
[6.223s] writing manifest file 'slam_toolbox.egg-info/SOURCES.txt'
[6.225s] reading manifest file 'slam_toolbox.egg-info/SOURCES.txt'
[6.225s] writing manifest file 'slam_toolbox.egg-info/SOURCES.txt'
[6.263s] [  3%] Built target ament_cmake_python_build_slam_toolbox_egg
[6.917s] [  3%] Built target slam_toolbox__cpp
[6.938s] [  4%] [34m[1mGenerating C++ type support for eProsima Fast-RTPS[0m
[6.938s] [  4%] [34m[1mGenerating C++ type support dispatch for ROS interfaces[0m
[6.938s] [  5%] [34m[1mGenerating C++ introspection for ROS interfaces[0m
[6.980s] [  6%] [32mBuilding C object CMakeFiles/slam_toolbox__rosidl_generator_c.dir/rosidl_generator_c/slam_toolbox/srv/detail/clear_queue__functions.c.o[0m
[6.980s] [  7%] [32mBuilding C object CMakeFiles/slam_toolbox__rosidl_generator_c.dir/rosidl_generator_c/slam_toolbox/srv/detail/toggle_interactive__functions.c.o[0m
[6.980s] [  7%] [32mBuilding C object CMakeFiles/slam_toolbox__rosidl_generator_c.dir/rosidl_generator_c/slam_toolbox/srv/detail/pause__functions.c.o[0m
[6.980s] [  8%] [32mBuilding C object CMakeFiles/slam_toolbox__rosidl_generator_c.dir/rosidl_generator_c/slam_toolbox/srv/detail/merge_maps__functions.c.o[0m
[6.980s] [  8%] [32mBuilding C object CMakeFiles/slam_toolbox__rosidl_generator_c.dir/rosidl_generator_c/slam_toolbox/srv/detail/loop_closure__functions.c.o[0m
[6.980s] [  9%] [32mBuilding C object CMakeFiles/slam_toolbox__rosidl_generator_c.dir/rosidl_generator_c/slam_toolbox/srv/detail/clear__functions.c.o[0m
[6.982s] [ 10%] [32mBuilding C object CMakeFiles/slam_toolbox__rosidl_generator_c.dir/rosidl_generator_c/slam_toolbox/srv/detail/save_map__functions.c.o[0m
[7.189s] [ 11%] [32mBuilding C object CMakeFiles/slam_toolbox__rosidl_generator_c.dir/rosidl_generator_c/slam_toolbox/srv/detail/add_submap__functions.c.o[0m
[7.190s] [ 12%] [32mBuilding C object CMakeFiles/slam_toolbox__rosidl_generator_c.dir/rosidl_generator_c/slam_toolbox/srv/detail/deserialize_pose_graph__functions.c.o[0m
[7.190s] [ 12%] [32mBuilding C object CMakeFiles/slam_toolbox__rosidl_generator_c.dir/rosidl_generator_c/slam_toolbox/srv/detail/serialize_pose_graph__functions.c.o[0m
[7.359s] [ 13%] [32m[1mLinking C shared library libslam_toolbox__rosidl_generator_c.so[0m
[7.430s] [ 13%] Built target slam_toolbox__rosidl_generator_c
[7.447s] [ 15%] [34m[1mGenerating C introspection for ROS interfaces[0m
[7.447s] [ 15%] [34m[1mGenerating C type support for eProsima Fast-RTPS[0m
[7.448s] [ 15%] [34m[1mGenerating C type support dispatch for ROS interfaces[0m
[7.715s] [ 17%] [32mBuilding CXX object CMakeFiles/slam_toolbox__rosidl_typesupport_cpp.dir/rosidl_typesupport_cpp/slam_toolbox/srv/clear_queue__type_support.cpp.o[0m
[7.716s] [ 17%] [32mBuilding CXX object CMakeFiles/slam_toolbox__rosidl_typesupport_cpp.dir/rosidl_typesupport_cpp/slam_toolbox/srv/pause__type_support.cpp.o[0m
[7.716s] [ 18%] [32mBuilding CXX object CMakeFiles/slam_toolbox__rosidl_typesupport_cpp.dir/rosidl_typesupport_cpp/slam_toolbox/srv/toggle_interactive__type_support.cpp.o[0m
[7.716s] [ 19%] [32mBuilding CXX object CMakeFiles/slam_toolbox__rosidl_typesupport_cpp.dir/rosidl_typesupport_cpp/slam_toolbox/srv/save_map__type_support.cpp.o[0m
[7.716s] [ 19%] [32mBuilding CXX object CMakeFiles/slam_toolbox__rosidl_typesupport_cpp.dir/rosidl_typesupport_cpp/slam_toolbox/srv/clear__type_support.cpp.o[0m
[8.119s] [ 19%] [32mBuilding CXX object CMakeFiles/slam_toolbox__rosidl_typesupport_introspection_cpp.dir/rosidl_typesupport_introspection_cpp/slam_toolbox/srv/detail/pause__type_support.cpp.o[0m
[8.279s] [ 20%] [32mBuilding CXX object CMakeFiles/slam_toolbox__rosidl_typesupport_cpp.dir/rosidl_typesupport_cpp/slam_toolbox/srv/loop_closure__type_support.cpp.o[0m
[8.285s] [ 21%] [32mBuilding CXX object CMakeFiles/slam_toolbox__rosidl_typesupport_introspection_cpp.dir/rosidl_typesupport_introspection_cpp/slam_toolbox/srv/detail/clear_queue__type_support.cpp.o[0m
[8.290s] [ 22%] [32mBuilding CXX object CMakeFiles/slam_toolbox__rosidl_typesupport_introspection_cpp.dir/rosidl_typesupport_introspection_cpp/slam_toolbox/srv/detail/toggle_interactive__type_support.cpp.o[0m
[8.290s] [ 22%] [32mBuilding CXX object CMakeFiles/slam_toolbox__rosidl_typesupport_cpp.dir/rosidl_typesupport_cpp/slam_toolbox/srv/merge_maps__type_support.cpp.o[0m
[8.307s] [ 22%] [32mBuilding CXX object CMakeFiles/slam_toolbox__rosidl_typesupport_introspection_cpp.dir/rosidl_typesupport_introspection_cpp/slam_toolbox/srv/detail/clear__type_support.cpp.o[0m
[8.357s] [ 23%] [32mBuilding CXX object CMakeFiles/slam_toolbox__rosidl_typesupport_fastrtps_cpp.dir/rosidl_typesupport_fastrtps_cpp/slam_toolbox/srv/detail/dds_fastrtps/pause__type_support.cpp.o[0m
[8.406s] [ 24%] [32mBuilding CXX object CMakeFiles/slam_toolbox__rosidl_typesupport_c.dir/rosidl_typesupport_c/slam_toolbox/srv/pause__type_support.cpp.o[0m
[8.500s] [ 25%] [32mBuilding CXX object CMakeFiles/slam_toolbox__rosidl_typesupport_c.dir/rosidl_typesupport_c/slam_toolbox/srv/clear_queue__type_support.cpp.o[0m
[8.573s] [ 26%] [32mBuilding CXX object CMakeFiles/slam_toolbox__rosidl_typesupport_c.dir/rosidl_typesupport_c/slam_toolbox/srv/toggle_interactive__type_support.cpp.o[0m
[8.660s] [ 26%] [32mBuilding CXX object CMakeFiles/slam_toolbox__rosidl_typesupport_c.dir/rosidl_typesupport_c/slam_toolbox/srv/clear__type_support.cpp.o[0m
[8.763s] [ 27%] [32mBuilding CXX object CMakeFiles/slam_toolbox__rosidl_typesupport_c.dir/rosidl_typesupport_c/slam_toolbox/srv/save_map__type_support.cpp.o[0m
[8.838s] [ 28%] [32mBuilding CXX object CMakeFiles/slam_toolbox__rosidl_typesupport_c.dir/rosidl_typesupport_c/slam_toolbox/srv/loop_closure__type_support.cpp.o[0m
[8.880s] [ 28%] [32mBuilding C object CMakeFiles/slam_toolbox__rosidl_typesupport_introspection_c.dir/rosidl_typesupport_introspection_c/slam_toolbox/srv/detail/pause__type_support.c.o[0m
[8.896s] [ 28%] [32mBuilding CXX object CMakeFiles/slam_toolbox__rosidl_typesupport_fastrtps_cpp.dir/rosidl_typesupport_fastrtps_cpp/slam_toolbox/srv/detail/dds_fastrtps/clear_queue__type_support.cpp.o[0m
[8.909s] [ 28%] [32mBuilding CXX object CMakeFiles/slam_toolbox__rosidl_typesupport_c.dir/rosidl_typesupport_c/slam_toolbox/srv/merge_maps__type_support.cpp.o[0m
[8.915s] [ 29%] [32mBuilding CXX object CMakeFiles/slam_toolbox__rosidl_typesupport_cpp.dir/rosidl_typesupport_cpp/slam_toolbox/srv/add_submap__type_support.cpp.o[0m
[8.928s] [ 30%] [32mBuilding CXX object CMakeFiles/slam_toolbox__rosidl_typesupport_cpp.dir/rosidl_typesupport_cpp/slam_toolbox/srv/deserialize_pose_graph__type_support.cpp.o[0m
[8.972s] [ 31%] [32mBuilding CXX object CMakeFiles/slam_toolbox__rosidl_typesupport_fastrtps_c.dir/rosidl_typesupport_fastrtps_c/slam_toolbox/srv/detail/pause__type_support_c.cpp.o[0m
[8.989s] [ 32%] [32mBuilding CXX object CMakeFiles/slam_toolbox__rosidl_typesupport_c.dir/rosidl_typesupport_c/slam_toolbox/srv/add_submap__type_support.cpp.o[0m
[8.989s] [ 33%] [32mBuilding C object CMakeFiles/slam_toolbox__rosidl_typesupport_introspection_c.dir/rosidl_typesupport_introspection_c/slam_toolbox/srv/detail/clear_queue__type_support.c.o[0m
[9.054s] [ 34%] [32mBuilding CXX object CMakeFiles/slam_toolbox__rosidl_typesupport_c.dir/rosidl_typesupport_c/slam_toolbox/srv/deserialize_pose_graph__type_support.cpp.o[0m
[9.062s] [ 34%] [32mBuilding CXX object CMakeFiles/slam_toolbox__rosidl_typesupport_fastrtps_c.dir/rosidl_typesupport_fastrtps_c/slam_toolbox/srv/detail/clear_queue__type_support_c.cpp.o[0m
[9.069s] [ 35%] [32mBuilding CXX object CMakeFiles/slam_toolbox__rosidl_typesupport_c.dir/rosidl_typesupport_c/slam_toolbox/srv/serialize_pose_graph__type_support.cpp.o[0m
[9.083s] [ 36%] [32mBuilding C object CMakeFiles/slam_toolbox__rosidl_typesupport_introspection_c.dir/rosidl_typesupport_introspection_c/slam_toolbox/srv/detail/toggle_interactive__type_support.c.o[0m
[9.086s] [ 37%] [32mBuilding CXX object CMakeFiles/slam_toolbox__rosidl_typesupport_introspection_cpp.dir/rosidl_typesupport_introspection_cpp/slam_toolbox/srv/detail/save_map__type_support.cpp.o[0m
[9.135s] [ 37%] [32mBuilding C object CMakeFiles/slam_toolbox__rosidl_typesupport_introspection_c.dir/rosidl_typesupport_introspection_c/slam_toolbox/srv/detail/clear__type_support.c.o[0m
[9.140s] [ 37%] [32m[1mLinking CXX shared library libslam_toolbox__rosidl_typesupport_c.so[0m
[9.183s] [ 38%] [32mBuilding CXX object CMakeFiles/slam_toolbox__rosidl_typesupport_fastrtps_c.dir/rosidl_typesupport_fastrtps_c/slam_toolbox/srv/detail/toggle_interactive__type_support_c.cpp.o[0m
[9.225s] [ 39%] [32mBuilding C object CMakeFiles/slam_toolbox__rosidl_typesupport_introspection_c.dir/rosidl_typesupport_introspection_c/slam_toolbox/srv/detail/save_map__type_support.c.o[0m
[9.242s] [ 39%] Built target slam_toolbox__rosidl_typesupport_c
[9.257s] [ 41%] [32mBuilding CXX object CMakeFiles/slam_toolbox__rosidl_typesupport_fastrtps_c.dir/rosidl_typesupport_fastrtps_c/slam_toolbox/srv/detail/clear__type_support_c.cpp.o[0m
[9.258s] [ 41%] [32mBuilding CXX object CMakeFiles/slam_toolbox__rosidl_typesupport_introspection_cpp.dir/rosidl_typesupport_introspection_cpp/slam_toolbox/srv/detail/loop_closure__type_support.cpp.o[0m
[9.330s] [ 42%] [32mBuilding C object CMakeFiles/slam_toolbox__rosidl_typesupport_introspection_c.dir/rosidl_typesupport_introspection_c/slam_toolbox/srv/detail/loop_closure__type_support.c.o[0m
[9.435s] [ 43%] [32mBuilding CXX object CMakeFiles/slam_toolbox__rosidl_typesupport_fastrtps_cpp.dir/rosidl_typesupport_fastrtps_cpp/slam_toolbox/srv/detail/dds_fastrtps/toggle_interactive__type_support.cpp.o[0m
[9.441s] [ 44%] [32mBuilding C object CMakeFiles/slam_toolbox__rosidl_typesupport_introspection_c.dir/rosidl_typesupport_introspection_c/slam_toolbox/srv/detail/merge_maps__type_support.c.o[0m
[9.485s] [ 45%] [32mBuilding CXX object CMakeFiles/slam_toolbox__rosidl_typesupport_cpp.dir/rosidl_typesupport_cpp/slam_toolbox/srv/serialize_pose_graph__type_support.cpp.o[0m
[9.575s] [ 45%] [32mBuilding C object CMakeFiles/slam_toolbox__rosidl_typesupport_introspection_c.dir/rosidl_typesupport_introspection_c/slam_toolbox/srv/detail/add_submap__type_support.c.o[0m
[9.723s] [ 46%] [32mBuilding C object CMakeFiles/slam_toolbox__rosidl_typesupport_introspection_c.dir/rosidl_typesupport_introspection_c/slam_toolbox/srv/detail/deserialize_pose_graph__type_support.c.o[0m
[9.734s] [ 47%] [32mBuilding CXX object CMakeFiles/slam_toolbox__rosidl_typesupport_fastrtps_c.dir/rosidl_typesupport_fastrtps_c/slam_toolbox/srv/detail/save_map__type_support_c.cpp.o[0m
[9.816s] [ 48%] [32mBuilding CXX object CMakeFiles/slam_toolbox__rosidl_typesupport_introspection_cpp.dir/rosidl_typesupport_introspection_cpp/slam_toolbox/srv/detail/merge_maps__type_support.cpp.o[0m
[9.861s] [ 49%] [32mBuilding C object CMakeFiles/slam_toolbox__rosidl_typesupport_introspection_c.dir/rosidl_typesupport_introspection_c/slam_toolbox/srv/detail/serialize_pose_graph__type_support.c.o[0m
[9.878s] [ 50%] [32mBuilding CXX object CMakeFiles/slam_toolbox__rosidl_typesupport_fastrtps_cpp.dir/rosidl_typesupport_fastrtps_cpp/slam_toolbox/srv/detail/dds_fastrtps/clear__type_support.cpp.o[0m
[9.928s] [ 50%] [32mBuilding CXX object CMakeFiles/slam_toolbox__rosidl_typesupport_fastrtps_c.dir/rosidl_typesupport_fastrtps_c/slam_toolbox/srv/detail/loop_closure__type_support_c.cpp.o[0m
[9.956s] [ 50%] [32m[1mLinking C shared library libslam_toolbox__rosidl_typesupport_introspection_c.so[0m
[9.959s] [ 50%] [32mBuilding CXX object CMakeFiles/slam_toolbox__rosidl_typesupport_introspection_cpp.dir/rosidl_typesupport_introspection_cpp/slam_toolbox/srv/detail/add_submap__type_support.cpp.o[0m
[10.035s] [ 51%] [32mBuilding CXX object CMakeFiles/slam_toolbox__rosidl_typesupport_fastrtps_cpp.dir/rosidl_typesupport_fastrtps_cpp/slam_toolbox/srv/detail/dds_fastrtps/save_map__type_support.cpp.o[0m
[10.048s] [ 51%] Built target slam_toolbox__rosidl_typesupport_introspection_c
[10.068s] [ 51%] [32mBuilding CXX object CMakeFiles/slam_toolbox__rosidl_typesupport_fastrtps_cpp.dir/rosidl_typesupport_fastrtps_cpp/slam_toolbox/srv/detail/dds_fastrtps/loop_closure__type_support.cpp.o[0m
[10.073s] [ 52%] [32mBuilding CXX object CMakeFiles/slam_toolbox__rosidl_typesupport_fastrtps_cpp.dir/rosidl_typesupport_fastrtps_cpp/slam_toolbox/srv/detail/dds_fastrtps/merge_maps__type_support.cpp.o[0m
[10.082s] [ 52%] [32m[1mLinking CXX shared library libslam_toolbox__rosidl_typesupport_cpp.so[0m
[10.190s] [ 52%] Built target slam_toolbox__rosidl_typesupport_cpp
[10.208s] [ 53%] [32mBuilding CXX object CMakeFiles/slam_toolbox__rosidl_typesupport_fastrtps_cpp.dir/rosidl_typesupport_fastrtps_cpp/slam_toolbox/srv/detail/dds_fastrtps/add_submap__type_support.cpp.o[0m
[10.320s] [ 53%] [32mBuilding CXX object CMakeFiles/slam_toolbox__rosidl_typesupport_fastrtps_cpp.dir/rosidl_typesupport_fastrtps_cpp/slam_toolbox/srv/detail/dds_fastrtps/deserialize_pose_graph__type_support.cpp.o[0m
[10.567s] [ 54%] [32mBuilding CXX object CMakeFiles/slam_toolbox__rosidl_typesupport_fastrtps_cpp.dir/rosidl_typesupport_fastrtps_cpp/slam_toolbox/srv/detail/dds_fastrtps/serialize_pose_graph__type_support.cpp.o[0m
[10.578s] [ 55%] [32mBuilding CXX object CMakeFiles/slam_toolbox__rosidl_typesupport_introspection_cpp.dir/rosidl_typesupport_introspection_cpp/slam_toolbox/srv/detail/deserialize_pose_graph__type_support.cpp.o[0m
[10.628s] [ 56%] [32mBuilding CXX object CMakeFiles/slam_toolbox__rosidl_typesupport_fastrtps_c.dir/rosidl_typesupport_fastrtps_c/slam_toolbox/srv/detail/merge_maps__type_support_c.cpp.o[0m
[10.707s] [ 56%] [34m[1mGenerating rviz_plugin/moc_slam_toolbox_rviz_plugin.cpp[0m
[10.737s] [ 57%] [32mBuilding CXX object CMakeFiles/slam_toolbox__rosidl_typesupport_fastrtps_c.dir/rosidl_typesupport_fastrtps_c/slam_toolbox/srv/detail/add_submap__type_support_c.cpp.o[0m
[10.765s] [ 58%] [32mBuilding CXX object CMakeFiles/SlamToolboxPlugin.dir/rviz_plugin/slam_toolbox_rviz_plugin.cpp.o[0m
[10.882s] [ 58%] [32mBuilding CXX object CMakeFiles/slam_toolbox__rosidl_typesupport_fastrtps_c.dir/rosidl_typesupport_fastrtps_c/slam_toolbox/srv/detail/deserialize_pose_graph__type_support_c.cpp.o[0m
[10.920s] [ 59%] [32mBuilding CXX object CMakeFiles/slam_toolbox__rosidl_typesupport_introspection_cpp.dir/rosidl_typesupport_introspection_cpp/slam_toolbox/srv/detail/serialize_pose_graph__type_support.cpp.o[0m
[10.928s] [ 60%] [32mBuilding CXX object CMakeFiles/SlamToolboxPlugin.dir/rviz_plugin/moc_slam_toolbox_rviz_plugin.cpp.o[0m
[11.089s] [ 61%] [32mBuilding CXX object CMakeFiles/slam_toolbox__rosidl_typesupport_fastrtps_c.dir/rosidl_typesupport_fastrtps_c/slam_toolbox/srv/detail/serialize_pose_graph__type_support_c.cpp.o[0m
[11.337s] [ 62%] [32m[1mLinking CXX shared library libslam_toolbox__rosidl_typesupport_fastrtps_cpp.so[0m
[11.517s] [ 62%] Built target slam_toolbox__rosidl_typesupport_fastrtps_cpp
[11.541s] [ 62%] [32m[1mLinking CXX shared library libslam_toolbox__rosidl_typesupport_introspection_cpp.so[0m
[11.669s] [ 62%] Built target slam_toolbox__rosidl_typesupport_introspection_cpp
[11.685s] [ 63%] [32m[1mLinking CXX shared library libslam_toolbox__rosidl_typesupport_fastrtps_c.so[0m
[11.818s] [ 63%] Built target slam_toolbox__rosidl_typesupport_fastrtps_c
[11.853s] [ 63%] Built target slam_toolbox
[11.891s] [ 63%] [34m[1mGenerating Python code for ROS interfaces[0m
[13.572s] [ 63%] Built target slam_toolbox__py
[13.607s] [ 65%] [32mBuilding C object CMakeFiles/slam_toolbox__rosidl_generator_py.dir/rosidl_generator_py/slam_toolbox/srv/_clear_s.c.o[0m
[13.608s] [ 66%] [32mBuilding C object CMakeFiles/slam_toolbox__rosidl_generator_py.dir/rosidl_generator_py/slam_toolbox/srv/_merge_maps_s.c.o[0m
[13.608s] [ 67%] [32mBuilding C object CMakeFiles/slam_toolbox__rosidl_generator_py.dir/rosidl_generator_py/slam_toolbox/srv/_toggle_interactive_s.c.o[0m
[13.608s] [ 67%] [32mBuilding C object CMakeFiles/slam_toolbox__rosidl_generator_py.dir/rosidl_generator_py/slam_toolbox/srv/_pause_s.c.o[0m
[13.609s] [ 67%] [32mBuilding C object CMakeFiles/slam_toolbox__rosidl_generator_py.dir/rosidl_generator_py/slam_toolbox/srv/_save_map_s.c.o[0m
[13.610s] [ 67%] [32mBuilding C object CMakeFiles/slam_toolbox__rosidl_generator_py.dir/rosidl_generator_py/slam_toolbox/srv/_clear_queue_s.c.o[0m
[13.610s] [ 68%] [32mBuilding C object CMakeFiles/slam_toolbox__rosidl_generator_py.dir/rosidl_generator_py/slam_toolbox/srv/_add_submap_s.c.o[0m
[13.611s] [ 69%] [32mBuilding C object CMakeFiles/slam_toolbox__rosidl_generator_py.dir/rosidl_generator_py/slam_toolbox/srv/_loop_closure_s.c.o[0m
[13.962s] [ 70%] [32mBuilding C object CMakeFiles/slam_toolbox__rosidl_generator_py.dir/rosidl_generator_py/slam_toolbox/srv/_serialize_pose_graph_s.c.o[0m
[13.964s] [ 70%] [32mBuilding C object CMakeFiles/slam_toolbox__rosidl_generator_py.dir/rosidl_generator_py/slam_toolbox/srv/_deserialize_pose_graph_s.c.o[0m
[14.171s] [ 71%] [32m[1mLinking C shared library rosidl_generator_py/slam_toolbox/libslam_toolbox__rosidl_generator_py.so[0m
[14.243s] [ 71%] Built target slam_toolbox__rosidl_generator_py
[14.276s] [ 73%] [32mBuilding C object CMakeFiles/slam_toolbox__rosidl_typesupport_c__pyext.dir/rosidl_generator_py/slam_toolbox/_slam_toolbox_s.ep.rosidl_typesupport_c.c.o[0m
[14.276s] [ 74%] [32mBuilding C object CMakeFiles/slam_toolbox__rosidl_typesupport_introspection_c__pyext.dir/rosidl_generator_py/slam_toolbox/_slam_toolbox_s.ep.rosidl_typesupport_introspection_c.c.o[0m
[14.276s] [ 73%] [32mBuilding C object CMakeFiles/slam_toolbox__rosidl_typesupport_fastrtps_c__pyext.dir/rosidl_generator_py/slam_toolbox/_slam_toolbox_s.ep.rosidl_typesupport_fastrtps_c.c.o[0m
[14.713s] [ 75%] [32m[1mLinking C shared library rosidl_generator_py/slam_toolbox/slam_toolbox_s__rosidl_typesupport_c.cpython-310-x86_64-linux-gnu.so[0m
[14.731s] [ 75%] [32m[1mLinking C shared library rosidl_generator_py/slam_toolbox/slam_toolbox_s__rosidl_typesupport_fastrtps_c.cpython-310-x86_64-linux-gnu.so[0m
[14.758s] [ 76%] [32m[1mLinking C shared library rosidl_generator_py/slam_toolbox/slam_toolbox_s__rosidl_typesupport_introspection_c.cpython-310-x86_64-linux-gnu.so[0m
[14.798s] [ 76%] Built target slam_toolbox__rosidl_typesupport_c__pyext
[14.812s] [ 76%] Built target slam_toolbox__rosidl_typesupport_fastrtps_c__pyext
[14.831s] [ 76%] Built target slam_toolbox__rosidl_typesupport_introspection_c__pyext
[29.400s] [ 77%] [32m[1mLinking CXX shared library libkartoSlamToolbox.so[0m
[29.824s] [ 77%] Built target kartoSlamToolbox
[29.852s] [ 78%] [32mBuilding CXX object CMakeFiles/ceres_solver_plugin.dir/solvers/ceres_solver.cpp.o[0m
[29.852s] [ 79%] [32mBuilding CXX object CMakeFiles/toolbox_common.dir/src/slam_toolbox_common.cpp.o[0m
[29.852s] [ 80%] [32mBuilding CXX object CMakeFiles/toolbox_common.dir/src/laser_utils.cpp.o[0m
[29.853s] [ 81%] [32mBuilding CXX object CMakeFiles/toolbox_common.dir/src/loop_closure_assistant.cpp.o[0m
[29.853s] [ 81%] [32mBuilding CXX object CMakeFiles/toolbox_common.dir/src/map_saver.cpp.o[0m
[29.855s] [ 82%] [32mBuilding CXX object CMakeFiles/toolbox_common.dir/src/slam_mapper.cpp.o[0m
[34.933s] [ 82%] [32m[1mLinking CXX shared library libSlamToolboxPlugin.so[0m
[37.451s] [ 82%] Built target SlamToolboxPlugin
[53.453s] [ 83%] [32m[1mLinking CXX shared library libceres_solver_plugin.so[0m
[54.106s] [ 83%] Built target ceres_solver_plugin
[71.617s] [ 84%] [32m[1mLinking CXX shared library libtoolbox_common.so[0m
[72.277s] [ 84%] Built target toolbox_common
[72.328s] [ 86%] [32mBuilding CXX object CMakeFiles/sync_slam_toolbox.dir/src/slam_toolbox_sync.cpp.o[0m
[72.328s] [ 86%] [32mBuilding CXX object CMakeFiles/async_slam_toolbox.dir/src/slam_toolbox_async.cpp.o[0m
[72.328s] [ 86%] [32mBuilding CXX object CMakeFiles/localization_slam_toolbox.dir/src/slam_toolbox_localization.cpp.o[0m
[72.329s] [ 88%] [32mBuilding CXX object CMakeFiles/lifelong_slam_toolbox.dir/src/experimental/slam_toolbox_lifelong.cpp.o[0m
[72.329s] [ 88%] [32mBuilding CXX object CMakeFiles/merge_maps_kinematic.dir/src/merge_maps_kinematic.cpp.o[0m
[116.830s] [ 89%] [32m[1mLinking CXX shared library libasync_slam_toolbox.so[0m
[116.977s] [ 89%] [32m[1mLinking CXX shared library liblifelong_slam_toolbox.so[0m
[117.595s] [ 90%] [32m[1mLinking CXX shared library libsync_slam_toolbox.so[0m
[118.119s] [ 90%] Built target lifelong_slam_toolbox
[118.121s] [ 90%] Built target async_slam_toolbox
[118.177s] [ 92%] [32mBuilding CXX object CMakeFiles/async_slam_toolbox_node.dir/src/slam_toolbox_async_node.cpp.o[0m
[118.178s] [ 92%] [32mBuilding CXX object CMakeFiles/lifelong_slam_toolbox_node.dir/src/experimental/slam_toolbox_lifelong_node.cpp.o[0m
[118.391s] [ 92%] Built target sync_slam_toolbox
[118.426s] [ 93%] [32mBuilding CXX object CMakeFiles/sync_slam_toolbox_node.dir/src/slam_toolbox_sync_node.cpp.o[0m
[121.804s] [ 94%] [32m[1mLinking CXX executable merge_maps_kinematic[0m
[122.515s] [ 94%] Built target merge_maps_kinematic
[122.603s] [ 95%] [32m[1mLinking CXX shared library liblocalization_slam_toolbox.so[0m
[123.221s] [ 95%] Built target localization_slam_toolbox
[123.255s] [ 96%] [32mBuilding CXX object CMakeFiles/map_and_localization_slam_toolbox.dir/src/experimental/slam_toolbox_map_and_localization.cpp.o[0m
[123.255s] [ 96%] [32mBuilding CXX object CMakeFiles/localization_slam_toolbox_node.dir/src/slam_toolbox_localization_node.cpp.o[0m
[136.708s] [ 96%] [32m[1mLinking CXX executable async_slam_toolbox_node[0m
[136.916s] [ 96%] [32m[1mLinking CXX executable sync_slam_toolbox_node[0m
[137.037s] [ 97%] [32m[1mLinking CXX executable lifelong_slam_toolbox_node[0m
[137.215s] [ 97%] Built target async_slam_toolbox_node
[137.474s] [ 97%] Built target sync_slam_toolbox_node
[137.504s] [ 97%] Built target lifelong_slam_toolbox_node
[140.403s] [ 98%] [32m[1mLinking CXX executable localization_slam_toolbox_node[0m
[140.803s] [ 98%] Built target localization_slam_toolbox_node
[147.547s] [ 99%] [32m[1mLinking CXX shared library libmap_and_localization_slam_toolbox.so[0m
[148.053s] [ 99%] Built target map_and_localization_slam_toolbox
[148.087s] [100%] [32mBuilding CXX object CMakeFiles/map_and_localization_slam_toolbox_node.dir/src/experimental/slam_toolbox_map_and_localization_node.cpp.o[0m
[161.360s] [100%] [32m[1mLinking CXX executable map_and_localization_slam_toolbox_node[0m
[161.762s] [100%] Built target map_and_localization_slam_toolbox_node
[161.940s] Invoked command in '/home/autodrive_devkit/src/build/slam_toolbox' returned '0': CMAKE_PREFIX_PATH=/home/autodrive_devkit/install/simple_agent:/home/autodrive_devkit/install/autodrive_roboracer:/opt/ros/humble /usr/bin/cmake --build /home/autodrive_devkit/src/build/slam_toolbox -- -j12 -l12
[162.077s] Invoking command in '/home/autodrive_devkit/src/build/slam_toolbox': CMAKE_PREFIX_PATH=/home/autodrive_devkit/install/simple_agent:/home/autodrive_devkit/install/autodrive_roboracer:/opt/ros/humble /usr/bin/cmake --install /home/autodrive_devkit/src/build/slam_toolbox
[162.093s] -- Install configuration: "Release"
[162.093s] -- Installing: /home/autodrive_devkit/src/install/slam_toolbox/share/ament_index/resource_index/rosidl_interfaces/slam_toolbox
[162.094s] -- Installing: /home/autodrive_devkit/src/install/slam_toolbox/include/slam_toolbox/slam_toolbox
[162.095s] -- Installing: /home/autodrive_devkit/src/install/slam_toolbox/include/slam_toolbox/slam_toolbox/srv
[162.096s] -- Installing: /home/autodrive_devkit/src/install/slam_toolbox/include/slam_toolbox/slam_toolbox/srv/detail
[162.097s] -- Installing: /home/autodrive_devkit/src/install/slam_toolbox/include/slam_toolbox/slam_toolbox/srv/detail/loop_closure__functions.h
[162.097s] -- Installing: /home/autodrive_devkit/src/install/slam_toolbox/include/slam_toolbox/slam_toolbox/srv/detail/clear__functions.h
[162.098s] -- Installing: /home/autodrive_devkit/src/install/slam_toolbox/include/slam_toolbox/slam_toolbox/srv/detail/loop_closure__struct.h
[162.098s] -- Installing: /home/autodrive_devkit/src/install/slam_toolbox/include/slam_toolbox/slam_toolbox/srv/detail/clear_queue__functions.c
[162.099s] -- Installing: /home/autodrive_devkit/src/install/slam_toolbox/include/slam_toolbox/slam_toolbox/srv/detail/clear__type_support.h
[162.100s] -- Installing: /home/autodrive_devkit/src/install/slam_toolbox/include/slam_toolbox/slam_toolbox/srv/detail/serialize_pose_graph__functions.c
[162.100s] -- Installing: /home/autodrive_devkit/src/install/slam_toolbox/include/slam_toolbox/slam_toolbox/srv/detail/add_submap__type_support.h
[162.101s] -- Installing: /home/autodrive_devkit/src/install/slam_toolbox/include/slam_toolbox/slam_toolbox/srv/detail/loop_closure__functions.c
[162.101s] -- Installing: /home/autodrive_devkit/src/install/slam_toolbox/include/slam_toolbox/slam_toolbox/srv/detail/add_submap__functions.c
[162.102s] -- Installing: /home/autodrive_devkit/src/install/slam_toolbox/include/slam_toolbox/slam_toolbox/srv/detail/save_map__functions.c
[162.102s] -- Installing: /home/autodrive_devkit/src/install/slam_toolbox/include/slam_toolbox/slam_toolbox/srv/detail/clear_queue__struct.h
[162.103s] -- Installing: /home/autodrive_devkit/src/install/slam_toolbox/include/slam_toolbox/slam_toolbox/srv/detail/toggle_interactive__functions.h
[162.103s] -- Installing: /home/autodrive_devkit/src/install/slam_toolbox/include/slam_toolbox/slam_toolbox/srv/detail/clear__struct.h
[162.104s] -- Installing: /home/autodrive_devkit/src/install/slam_toolbox/include/slam_toolbox/slam_toolbox/srv/detail/merge_maps__functions.h
[162.104s] -- Installing: /home/autodrive_devkit/src/install/slam_toolbox/include/slam_toolbox/slam_toolbox/srv/detail/deserialize_pose_graph__type_support.h
[162.105s] -- Installing: /home/autodrive_devkit/src/install/slam_toolbox/include/slam_toolbox/slam_toolbox/srv/detail/toggle_interactive__struct.h
[162.105s] -- Installing: /home/autodrive_devkit/src/install/slam_toolbox/include/slam_toolbox/slam_toolbox/srv/detail/save_map__struct.h
[162.105s] -- Installing: /home/autodrive_devkit/src/install/slam_toolbox/include/slam_toolbox/slam_toolbox/srv/detail/pause__type_support.h
[162.106s] -- Installing: /home/autodrive_devkit/src/install/slam_toolbox/include/slam_toolbox/slam_toolbox/srv/detail/save_map__functions.h
[162.106s] -- Installing: /home/autodrive_devkit/src/install/slam_toolbox/include/slam_toolbox/slam_toolbox/srv/detail/add_submap__functions.h
[162.107s] -- Installing: /home/autodrive_devkit/src/install/slam_toolbox/include/slam_toolbox/slam_toolbox/srv/detail/serialize_pose_graph__type_support.h
[162.107s] -- Installing: /home/autodrive_devkit/src/install/slam_toolbox/include/slam_toolbox/slam_toolbox/srv/detail/deserialize_pose_graph__functions.c
[162.108s] -- Installing: /home/autodrive_devkit/src/install/slam_toolbox/include/slam_toolbox/slam_toolbox/srv/detail/clear_queue__type_support.h
[162.108s] -- Installing: /home/autodrive_devkit/src/install/slam_toolbox/include/slam_toolbox/slam_toolbox/srv/detail/save_map__type_support.h
[162.109s] -- Installing: /home/autodrive_devkit/src/install/slam_toolbox/include/slam_toolbox/slam_toolbox/srv/detail/deserialize_pose_graph__struct.h
[162.109s] -- Installing: /home/autodrive_devkit/src/install/slam_toolbox/include/slam_toolbox/slam_toolbox/srv/detail/clear_queue__functions.h
[162.110s] -- Installing: /home/autodrive_devkit/src/install/slam_toolbox/include/slam_toolbox/slam_toolbox/srv/detail/toggle_interactive__type_support.h
[162.110s] -- Installing: /home/autodrive_devkit/src/install/slam_toolbox/include/slam_toolbox/slam_toolbox/srv/detail/merge_maps__type_support.h
[162.111s] -- Installing: /home/autodrive_devkit/src/install/slam_toolbox/include/slam_toolbox/slam_toolbox/srv/detail/serialize_pose_graph__functions.h
[162.111s] -- Installing: /home/autodrive_devkit/src/install/slam_toolbox/include/slam_toolbox/slam_toolbox/srv/detail/merge_maps__functions.c
[162.111s] -- Installing: /home/autodrive_devkit/src/install/slam_toolbox/include/slam_toolbox/slam_toolbox/srv/detail/serialize_pose_graph__struct.h
[162.112s] -- Installing: /home/autodrive_devkit/src/install/slam_toolbox/include/slam_toolbox/slam_toolbox/srv/detail/merge_maps__struct.h
[162.112s] -- Installing: /home/autodrive_devkit/src/install/slam_toolbox/include/slam_toolbox/slam_toolbox/srv/detail/loop_closure__type_support.h
[162.113s] -- Installing: /home/autodrive_devkit/src/install/slam_toolbox/include/slam_toolbox/slam_toolbox/srv/detail/add_submap__struct.h
[162.113s] -- Installing: /home/autodrive_devkit/src/install/slam_toolbox/include/slam_toolbox/slam_toolbox/srv/detail/deserialize_pose_graph__functions.h
[162.114s] -- Installing: /home/autodrive_devkit/src/install/slam_toolbox/include/slam_toolbox/slam_toolbox/srv/detail/pause__struct.h
[162.114s] -- Installing: /home/autodrive_devkit/src/install/slam_toolbox/include/slam_toolbox/slam_toolbox/srv/detail/pause__functions.h
[162.115s] -- Installing: /home/autodrive_devkit/src/install/slam_toolbox/include/slam_toolbox/slam_toolbox/srv/detail/pause__functions.c
[162.115s] -- Installing: /home/autodrive_devkit/src/install/slam_toolbox/include/slam_toolbox/slam_toolbox/srv/detail/clear__functions.c
[162.116s] -- Installing: /home/autodrive_devkit/src/install/slam_toolbox/include/slam_toolbox/slam_toolbox/srv/detail/toggle_interactive__functions.c
[162.116s] -- Installing: /home/autodrive_devkit/src/install/slam_toolbox/include/slam_toolbox/slam_toolbox/srv/clear_queue.h
[162.117s] -- Installing: /home/autodrive_devkit/src/install/slam_toolbox/include/slam_toolbox/slam_toolbox/srv/pause.h
[162.117s] -- Installing: /home/autodrive_devkit/src/install/slam_toolbox/include/slam_toolbox/slam_toolbox/srv/loop_closure.h
[162.118s] -- Installing: /home/autodrive_devkit/src/install/slam_toolbox/include/slam_toolbox/slam_toolbox/srv/save_map.h
[162.118s] -- Installing: /home/autodrive_devkit/src/install/slam_toolbox/include/slam_toolbox/slam_toolbox/srv/merge_maps.h
[162.119s] -- Installing: /home/autodrive_devkit/src/install/slam_toolbox/include/slam_toolbox/slam_toolbox/srv/serialize_pose_graph.h
[162.119s] -- Installing: /home/autodrive_devkit/src/install/slam_toolbox/include/slam_toolbox/slam_toolbox/srv/clear.h
[162.120s] -- Installing: /home/autodrive_devkit/src/install/slam_toolbox/include/slam_toolbox/slam_toolbox/srv/deserialize_pose_graph.h
[162.120s] -- Installing: /home/autodrive_devkit/src/install/slam_toolbox/include/slam_toolbox/slam_toolbox/srv/add_submap.h
[162.121s] -- Installing: /home/autodrive_devkit/src/install/slam_toolbox/include/slam_toolbox/slam_toolbox/srv/toggle_interactive.h
[162.121s] -- Installing: /home/autodrive_devkit/src/install/slam_toolbox/include/slam_toolbox/slam_toolbox/msg
[162.122s] -- Installing: /home/autodrive_devkit/src/install/slam_toolbox/include/slam_toolbox/slam_toolbox/msg/rosidl_generator_c__visibility_control.h
[162.126s] -- Installing: /home/autodrive_devkit/src/install/slam_toolbox/share/slam_toolbox/environment/library_path.sh
[162.127s] -- Installing: /home/autodrive_devkit/src/install/slam_toolbox/share/slam_toolbox/environment/library_path.dsv
[162.128s] -- Installing: /home/autodrive_devkit/src/install/slam_toolbox/lib/libslam_toolbox__rosidl_generator_c.so
[162.130s] -- Set runtime path of "/home/autodrive_devkit/src/install/slam_toolbox/lib/libslam_toolbox__rosidl_generator_c.so" to ""
[162.130s] -- Up-to-date: /home/autodrive_devkit/src/install/slam_toolbox/include/slam_toolbox/slam_toolbox
[162.130s] -- Up-to-date: /home/autodrive_devkit/src/install/slam_toolbox/include/slam_toolbox/slam_toolbox/srv
[162.131s] -- Up-to-date: /home/autodrive_devkit/src/install/slam_toolbox/include/slam_toolbox/slam_toolbox/srv/detail
[162.131s] -- Installing: /home/autodrive_devkit/src/install/slam_toolbox/include/slam_toolbox/slam_toolbox/srv/detail/save_map__rosidl_typesupport_fastrtps_c.h
[162.131s] -- Installing: /home/autodrive_devkit/src/install/slam_toolbox/include/slam_toolbox/slam_toolbox/srv/detail/serialize_pose_graph__rosidl_typesupport_fastrtps_c.h
[162.132s] -- Installing: /home/autodrive_devkit/src/install/slam_toolbox/include/slam_toolbox/slam_toolbox/srv/detail/deserialize_pose_graph__rosidl_typesupport_fastrtps_c.h
[162.132s] -- Installing: /home/autodrive_devkit/src/install/slam_toolbox/include/slam_toolbox/slam_toolbox/srv/detail/clear__rosidl_typesupport_fastrtps_c.h
[162.133s] -- Installing: /home/autodrive_devkit/src/install/slam_toolbox/include/slam_toolbox/slam_toolbox/srv/detail/merge_maps__rosidl_typesupport_fastrtps_c.h
[162.133s] -- Installing: /home/autodrive_devkit/src/install/slam_toolbox/include/slam_toolbox/slam_toolbox/srv/detail/pause__rosidl_typesupport_fastrtps_c.h
[162.134s] -- Installing: /home/autodrive_devkit/src/install/slam_toolbox/include/slam_toolbox/slam_toolbox/srv/detail/toggle_interactive__rosidl_typesupport_fastrtps_c.h
[162.134s] -- Installing: /home/autodrive_devkit/src/install/slam_toolbox/include/slam_toolbox/slam_toolbox/srv/detail/clear_queue__rosidl_typesupport_fastrtps_c.h
[162.135s] -- Installing: /home/autodrive_devkit/src/install/slam_toolbox/include/slam_toolbox/slam_toolbox/srv/detail/add_submap__rosidl_typesupport_fastrtps_c.h
[162.135s] -- Installing: /home/autodrive_devkit/src/install/slam_toolbox/include/slam_toolbox/slam_toolbox/srv/detail/loop_closure__rosidl_typesupport_fastrtps_c.h
[162.136s] -- Up-to-date: /home/autodrive_devkit/src/install/slam_toolbox/include/slam_toolbox/slam_toolbox/msg
[162.136s] -- Installing: /home/autodrive_devkit/src/install/slam_toolbox/include/slam_toolbox/slam_toolbox/msg/rosidl_typesupport_fastrtps_c__visibility_control.h
[162.136s] -- Installing: /home/autodrive_devkit/src/install/slam_toolbox/lib/libslam_toolbox__rosidl_typesupport_fastrtps_c.so
[162.138s] -- Set runtime path of "/home/autodrive_devkit/src/install/slam_toolbox/lib/libslam_toolbox__rosidl_typesupport_fastrtps_c.so" to ""
[162.138s] -- Up-to-date: /home/autodrive_devkit/src/install/slam_toolbox/include/slam_toolbox/slam_toolbox
[162.138s] -- Up-to-date: /home/autodrive_devkit/src/install/slam_toolbox/include/slam_toolbox/slam_toolbox/srv
[162.138s] -- Installing: /home/autodrive_devkit/src/install/slam_toolbox/include/slam_toolbox/slam_toolbox/srv/add_submap.hpp
[162.138s] -- Up-to-date: /home/autodrive_devkit/src/install/slam_toolbox/include/slam_toolbox/slam_toolbox/srv/detail
[162.138s] -- Installing: /home/autodrive_devkit/src/install/slam_toolbox/include/slam_toolbox/slam_toolbox/srv/detail/save_map__traits.hpp
[162.138s] -- Installing: /home/autodrive_devkit/src/install/slam_toolbox/include/slam_toolbox/slam_toolbox/srv/detail/pause__type_support.hpp
[162.139s] -- Installing: /home/autodrive_devkit/src/install/slam_toolbox/include/slam_toolbox/slam_toolbox/srv/detail/add_submap__builder.hpp
[162.139s] -- Installing: /home/autodrive_devkit/src/install/slam_toolbox/include/slam_toolbox/slam_toolbox/srv/detail/clear__type_support.hpp
[162.139s] -- Installing: /home/autodrive_devkit/src/install/slam_toolbox/include/slam_toolbox/slam_toolbox/srv/detail/deserialize_pose_graph__struct.hpp
[162.139s] -- Installing: /home/autodrive_devkit/src/install/slam_toolbox/include/slam_toolbox/slam_toolbox/srv/detail/deserialize_pose_graph__traits.hpp
[162.139s] -- Installing: /home/autodrive_devkit/src/install/slam_toolbox/include/slam_toolbox/slam_toolbox/srv/detail/pause__struct.hpp
[162.140s] -- Installing: /home/autodrive_devkit/src/install/slam_toolbox/include/slam_toolbox/slam_toolbox/srv/detail/loop_closure__struct.hpp
[162.140s] -- Installing: /home/autodrive_devkit/src/install/slam_toolbox/include/slam_toolbox/slam_toolbox/srv/detail/clear_queue__traits.hpp
[162.140s] -- Installing: /home/autodrive_devkit/src/install/slam_toolbox/include/slam_toolbox/slam_toolbox/srv/detail/toggle_interactive__type_support.hpp
[162.140s] -- Installing: /home/autodrive_devkit/src/install/slam_toolbox/include/slam_toolbox/slam_toolbox/srv/detail/loop_closure__traits.hpp
[162.141s] -- Installing: /home/autodrive_devkit/src/install/slam_toolbox/include/slam_toolbox/slam_toolbox/srv/detail/toggle_interactive__traits.hpp
[162.141s] -- Installing: /home/autodrive_devkit/src/install/slam_toolbox/include/slam_toolbox/slam_toolbox/srv/detail/pause__traits.hpp
[162.141s] -- Installing: /home/autodrive_devkit/src/install/slam_toolbox/include/slam_toolbox/slam_toolbox/srv/detail/toggle_interactive__struct.hpp
[162.141s] -- Installing: /home/autodrive_devkit/src/install/slam_toolbox/include/slam_toolbox/slam_toolbox/srv/detail/loop_closure__type_support.hpp
[162.142s] -- Installing: /home/autodrive_devkit/src/install/slam_toolbox/include/slam_toolbox/slam_toolbox/srv/detail/deserialize_pose_graph__builder.hpp
[162.142s] -- Installing: /home/autodrive_devkit/src/install/slam_toolbox/include/slam_toolbox/slam_toolbox/srv/detail/add_submap__traits.hpp
[162.142s] -- Installing: /home/autodrive_devkit/src/install/slam_toolbox/include/slam_toolbox/slam_toolbox/srv/detail/clear__traits.hpp
[162.142s] -- Installing: /home/autodrive_devkit/src/install/slam_toolbox/include/slam_toolbox/slam_toolbox/srv/detail/serialize_pose_graph__type_support.hpp
[162.143s] -- Installing: /home/autodrive_devkit/src/install/slam_toolbox/include/slam_toolbox/slam_toolbox/srv/detail/clear_queue__builder.hpp
[162.143s] -- Installing: /home/autodrive_devkit/src/install/slam_toolbox/include/slam_toolbox/slam_toolbox/srv/detail/add_submap__type_support.hpp
[162.143s] -- Installing: /home/autodrive_devkit/src/install/slam_toolbox/include/slam_toolbox/slam_toolbox/srv/detail/pause__builder.hpp
[162.143s] -- Installing: /home/autodrive_devkit/src/install/slam_toolbox/include/slam_toolbox/slam_toolbox/srv/detail/serialize_pose_graph__builder.hpp
[162.144s] -- Installing: /home/autodrive_devkit/src/install/slam_toolbox/include/slam_toolbox/slam_toolbox/srv/detail/loop_closure__builder.hpp
[162.144s] -- Installing: /home/autodrive_devkit/src/install/slam_toolbox/include/slam_toolbox/slam_toolbox/srv/detail/clear_queue__struct.hpp
[162.144s] -- Installing: /home/autodrive_devkit/src/install/slam_toolbox/include/slam_toolbox/slam_toolbox/srv/detail/merge_maps__struct.hpp
[162.144s] -- Installing: /home/autodrive_devkit/src/install/slam_toolbox/include/slam_toolbox/slam_toolbox/srv/detail/save_map__struct.hpp
[162.144s] -- Installing: /home/autodrive_devkit/src/install/slam_toolbox/include/slam_toolbox/slam_toolbox/srv/detail/serialize_pose_graph__traits.hpp
[162.145s] -- Installing: /home/autodrive_devkit/src/install/slam_toolbox/include/slam_toolbox/slam_toolbox/srv/detail/serialize_pose_graph__struct.hpp
[162.145s] -- Installing: /home/autodrive_devkit/src/install/slam_toolbox/include/slam_toolbox/slam_toolbox/srv/detail/save_map__type_support.hpp
[162.145s] -- Installing: /home/autodrive_devkit/src/install/slam_toolbox/include/slam_toolbox/slam_toolbox/srv/detail/merge_maps__traits.hpp
[162.145s] -- Installing: /home/autodrive_devkit/src/install/slam_toolbox/include/slam_toolbox/slam_toolbox/srv/detail/merge_maps__type_support.hpp
[162.146s] -- Installing: /home/autodrive_devkit/src/install/slam_toolbox/include/slam_toolbox/slam_toolbox/srv/detail/clear__struct.hpp
[162.146s] -- Installing: /home/autodrive_devkit/src/install/slam_toolbox/include/slam_toolbox/slam_toolbox/srv/detail/deserialize_pose_graph__type_support.hpp
[162.146s] -- Installing: /home/autodrive_devkit/src/install/slam_toolbox/include/slam_toolbox/slam_toolbox/srv/detail/toggle_interactive__builder.hpp
[162.146s] -- Installing: /home/autodrive_devkit/src/install/slam_toolbox/include/slam_toolbox/slam_toolbox/srv/detail/save_map__builder.hpp
[162.147s] -- Installing: /home/autodrive_devkit/src/install/slam_toolbox/include/slam_toolbox/slam_toolbox/srv/detail/add_submap__struct.hpp
[162.147s] -- Installing: /home/autodrive_devkit/src/install/slam_toolbox/include/slam_toolbox/slam_toolbox/srv/detail/merge_maps__builder.hpp
[162.147s] -- Installing: /home/autodrive_devkit/src/install/slam_toolbox/include/slam_toolbox/slam_toolbox/srv/detail/clear__builder.hpp
[162.147s] -- Installing: /home/autodrive_devkit/src/install/slam_toolbox/include/slam_toolbox/slam_toolbox/srv/detail/clear_queue__type_support.hpp
[162.147s] -- Installing: /home/autodrive_devkit/src/install/slam_toolbox/include/slam_toolbox/slam_toolbox/srv/clear.hpp
[162.148s] -- Installing: /home/autodrive_devkit/src/install/slam_toolbox/include/slam_toolbox/slam_toolbox/srv/clear_queue.hpp
[162.148s] -- Installing: /home/autodrive_devkit/src/install/slam_toolbox/include/slam_toolbox/slam_toolbox/srv/save_map.hpp
[162.148s] -- Installing: /home/autodrive_devkit/src/install/slam_toolbox/include/slam_toolbox/slam_toolbox/srv/loop_closure.hpp
[162.148s] -- Installing: /home/autodrive_devkit/src/install/slam_toolbox/include/slam_toolbox/slam_toolbox/srv/merge_maps.hpp
[162.149s] -- Installing: /home/autodrive_devkit/src/install/slam_toolbox/include/slam_toolbox/slam_toolbox/srv/deserialize_pose_graph.hpp
[162.149s] -- Installing: /home/autodrive_devkit/src/install/slam_toolbox/include/slam_toolbox/slam_toolbox/srv/serialize_pose_graph.hpp
[162.149s] -- Installing: /home/autodrive_devkit/src/install/slam_toolbox/include/slam_toolbox/slam_toolbox/srv/toggle_interactive.hpp
[162.149s] -- Installing: /home/autodrive_devkit/src/install/slam_toolbox/include/slam_toolbox/slam_toolbox/srv/pause.hpp
[162.149s] -- Up-to-date: /home/autodrive_devkit/src/install/slam_toolbox/include/slam_toolbox/slam_toolbox/msg
[162.150s] -- Installing: /home/autodrive_devkit/src/install/slam_toolbox/include/slam_toolbox/slam_toolbox/msg/rosidl_generator_cpp__visibility_control.hpp
[162.150s] -- Up-to-date: /home/autodrive_devkit/src/install/slam_toolbox/include/slam_toolbox/slam_toolbox
[162.150s] -- Up-to-date: /home/autodrive_devkit/src/install/slam_toolbox/include/slam_toolbox/slam_toolbox/srv
[162.151s] -- Up-to-date: /home/autodrive_devkit/src/install/slam_toolbox/include/slam_toolbox/slam_toolbox/srv/detail
[162.152s] -- Installing: /home/autodrive_devkit/src/install/slam_toolbox/include/slam_toolbox/slam_toolbox/srv/detail/serialize_pose_graph__rosidl_typesupport_fastrtps_cpp.hpp
[162.152s] -- Installing: /home/autodrive_devkit/src/install/slam_toolbox/include/slam_toolbox/slam_toolbox/srv/detail/clear__rosidl_typesupport_fastrtps_cpp.hpp
[162.153s] -- Installing: /home/autodrive_devkit/src/install/slam_toolbox/include/slam_toolbox/slam_toolbox/srv/detail/pause__rosidl_typesupport_fastrtps_cpp.hpp
[162.153s] -- Installing: /home/autodrive_devkit/src/install/slam_toolbox/include/slam_toolbox/slam_toolbox/srv/detail/merge_maps__rosidl_typesupport_fastrtps_cpp.hpp
[162.154s] -- Installing: /home/autodrive_devkit/src/install/slam_toolbox/include/slam_toolbox/slam_toolbox/srv/detail/deserialize_pose_graph__rosidl_typesupport_fastrtps_cpp.hpp
[162.154s] -- Installing: /home/autodrive_devkit/src/install/slam_toolbox/include/slam_toolbox/slam_toolbox/srv/detail/clear_queue__rosidl_typesupport_fastrtps_cpp.hpp
[162.155s] -- Installing: /home/autodrive_devkit/src/install/slam_toolbox/include/slam_toolbox/slam_toolbox/srv/detail/toggle_interactive__rosidl_typesupport_fastrtps_cpp.hpp
[162.155s] -- Installing: /home/autodrive_devkit/src/install/slam_toolbox/include/slam_toolbox/slam_toolbox/srv/detail/loop_closure__rosidl_typesupport_fastrtps_cpp.hpp
[162.156s] -- Installing: /home/autodrive_devkit/src/install/slam_toolbox/include/slam_toolbox/slam_toolbox/srv/detail/save_map__rosidl_typesupport_fastrtps_cpp.hpp
[162.156s] -- Installing: /home/autodrive_devkit/src/install/slam_toolbox/include/slam_toolbox/slam_toolbox/srv/detail/add_submap__rosidl_typesupport_fastrtps_cpp.hpp
[162.157s] -- Installing: /home/autodrive_devkit/src/install/slam_toolbox/include/slam_toolbox/slam_toolbox/srv/detail/dds_fastrtps
[162.158s] -- Up-to-date: /home/autodrive_devkit/src/install/slam_toolbox/include/slam_toolbox/slam_toolbox/msg
[162.158s] -- Installing: /home/autodrive_devkit/src/install/slam_toolbox/include/slam_toolbox/slam_toolbox/msg/rosidl_typesupport_fastrtps_cpp__visibility_control.h
[162.158s] -- Installing: /home/autodrive_devkit/src/install/slam_toolbox/lib/libslam_toolbox__rosidl_typesupport_fastrtps_cpp.so
[162.160s] -- Set runtime path of "/home/autodrive_devkit/src/install/slam_toolbox/lib/libslam_toolbox__rosidl_typesupport_fastrtps_cpp.so" to ""
[162.160s] -- Up-to-date: /home/autodrive_devkit/src/install/slam_toolbox/include/slam_toolbox/slam_toolbox
[162.160s] -- Up-to-date: /home/autodrive_devkit/src/install/slam_toolbox/include/slam_toolbox/slam_toolbox/srv
[162.161s] -- Up-to-date: /home/autodrive_devkit/src/install/slam_toolbox/include/slam_toolbox/slam_toolbox/srv/detail
[162.161s] -- Installing: /home/autodrive_devkit/src/install/slam_toolbox/include/slam_toolbox/slam_toolbox/srv/detail/save_map__rosidl_typesupport_introspection_c.h
[162.162s] -- Installing: /home/autodrive_devkit/src/install/slam_toolbox/include/slam_toolbox/slam_toolbox/srv/detail/serialize_pose_graph__type_support.c
[162.162s] -- Installing: /home/autodrive_devkit/src/install/slam_toolbox/include/slam_toolbox/slam_toolbox/srv/detail/clear_queue__rosidl_typesupport_introspection_c.h
[162.164s] -- Installing: /home/autodrive_devkit/src/install/slam_toolbox/include/slam_toolbox/slam_toolbox/srv/detail/merge_maps__rosidl_typesupport_introspection_c.h
[162.164s] -- Installing: /home/autodrive_devkit/src/install/slam_toolbox/include/slam_toolbox/slam_toolbox/srv/detail/save_map__type_support.c
[162.164s] -- Installing: /home/autodrive_devkit/src/install/slam_toolbox/include/slam_toolbox/slam_toolbox/srv/detail/add_submap__type_support.c
[162.165s] -- Installing: /home/autodrive_devkit/src/install/slam_toolbox/include/slam_toolbox/slam_toolbox/srv/detail/add_submap__rosidl_typesupport_introspection_c.h
[162.165s] -- Installing: /home/autodrive_devkit/src/install/slam_toolbox/include/slam_toolbox/slam_toolbox/srv/detail/toggle_interactive__type_support.c
[162.166s] -- Installing: /home/autodrive_devkit/src/install/slam_toolbox/include/slam_toolbox/slam_toolbox/srv/detail/pause__rosidl_typesupport_introspection_c.h
[162.166s] -- Installing: /home/autodrive_devkit/src/install/slam_toolbox/include/slam_toolbox/slam_toolbox/srv/detail/loop_closure__rosidl_typesupport_introspection_c.h
[162.166s] -- Installing: /home/autodrive_devkit/src/install/slam_toolbox/include/slam_toolbox/slam_toolbox/srv/detail/deserialize_pose_graph__rosidl_typesupport_introspection_c.h
[162.167s] -- Installing: /home/autodrive_devkit/src/install/slam_toolbox/include/slam_toolbox/slam_toolbox/srv/detail/serialize_pose_graph__rosidl_typesupport_introspection_c.h
[162.167s] -- Installing: /home/autodrive_devkit/src/install/slam_toolbox/include/slam_toolbox/slam_toolbox/srv/detail/merge_maps__type_support.c
[162.168s] -- Installing: /home/autodrive_devkit/src/install/slam_toolbox/include/slam_toolbox/slam_toolbox/srv/detail/loop_closure__type_support.c
[162.168s] -- Installing: /home/autodrive_devkit/src/install/slam_toolbox/include/slam_toolbox/slam_toolbox/srv/detail/clear__rosidl_typesupport_introspection_c.h
[162.169s] -- Installing: /home/autodrive_devkit/src/install/slam_toolbox/include/slam_toolbox/slam_toolbox/srv/detail/pause__type_support.c
[162.169s] -- Installing: /home/autodrive_devkit/src/install/slam_toolbox/include/slam_toolbox/slam_toolbox/srv/detail/deserialize_pose_graph__type_support.c
[162.170s] -- Installing: /home/autodrive_devkit/src/install/slam_toolbox/include/slam_toolbox/slam_toolbox/srv/detail/toggle_interactive__rosidl_typesupport_introspection_c.h
[162.170s] -- Installing: /home/autodrive_devkit/src/install/slam_toolbox/include/slam_toolbox/slam_toolbox/srv/detail/clear_queue__type_support.c
[162.171s] -- Installing: /home/autodrive_devkit/src/install/slam_toolbox/include/slam_toolbox/slam_toolbox/srv/detail/clear__type_support.c
[162.172s] -- Up-to-date: /home/autodrive_devkit/src/install/slam_toolbox/include/slam_toolbox/slam_toolbox/msg
[162.172s] -- Installing: /home/autodrive_devkit/src/install/slam_toolbox/include/slam_toolbox/slam_toolbox/msg/rosidl_typesupport_introspection_c__visibility_control.h
[162.173s] -- Installing: /home/autodrive_devkit/src/install/slam_toolbox/lib/libslam_toolbox__rosidl_typesupport_introspection_c.so
[162.174s] -- Set runtime path of "/home/autodrive_devkit/src/install/slam_toolbox/lib/libslam_toolbox__rosidl_typesupport_introspection_c.so" to ""
[162.174s] -- Installing: /home/autodrive_devkit/src/install/slam_toolbox/lib/libslam_toolbox__rosidl_typesupport_c.so
[162.175s] -- Set runtime path of "/home/autodrive_devkit/src/install/slam_toolbox/lib/libslam_toolbox__rosidl_typesupport_c.so" to ""
[162.176s] -- Up-to-date: /home/autodrive_devkit/src/install/slam_toolbox/include/slam_toolbox/slam_toolbox
[162.176s] -- Up-to-date: /home/autodrive_devkit/src/install/slam_toolbox/include/slam_toolbox/slam_toolbox/srv
[162.176s] -- Up-to-date: /home/autodrive_devkit/src/install/slam_toolbox/include/slam_toolbox/slam_toolbox/srv/detail
[162.176s] -- Installing: /home/autodrive_devkit/src/install/slam_toolbox/include/slam_toolbox/slam_toolbox/srv/detail/deserialize_pose_graph__type_support.cpp
[162.177s] -- Installing: /home/autodrive_devkit/src/install/slam_toolbox/include/slam_toolbox/slam_toolbox/srv/detail/deserialize_pose_graph__rosidl_typesupport_introspection_cpp.hpp
[162.177s] -- Installing: /home/autodrive_devkit/src/install/slam_toolbox/include/slam_toolbox/slam_toolbox/srv/detail/clear_queue__type_support.cpp
[162.178s] -- Installing: /home/autodrive_devkit/src/install/slam_toolbox/include/slam_toolbox/slam_toolbox/srv/detail/clear_queue__rosidl_typesupport_introspection_cpp.hpp
[162.178s] -- Installing: /home/autodrive_devkit/src/install/slam_toolbox/include/slam_toolbox/slam_toolbox/srv/detail/pause__rosidl_typesupport_introspection_cpp.hpp
[162.179s] -- Installing: /home/autodrive_devkit/src/install/slam_toolbox/include/slam_toolbox/slam_toolbox/srv/detail/serialize_pose_graph__type_support.cpp
[162.179s] -- Installing: /home/autodrive_devkit/src/install/slam_toolbox/include/slam_toolbox/slam_toolbox/srv/detail/save_map__type_support.cpp
[162.180s] -- Installing: /home/autodrive_devkit/src/install/slam_toolbox/include/slam_toolbox/slam_toolbox/srv/detail/clear__type_support.cpp
[162.180s] -- Installing: /home/autodrive_devkit/src/install/slam_toolbox/include/slam_toolbox/slam_toolbox/srv/detail/loop_closure__rosidl_typesupport_introspection_cpp.hpp
[162.181s] -- Installing: /home/autodrive_devkit/src/install/slam_toolbox/include/slam_toolbox/slam_toolbox/srv/detail/toggle_interactive__type_support.cpp
[162.181s] -- Installing: /home/autodrive_devkit/src/install/slam_toolbox/include/slam_toolbox/slam_toolbox/srv/detail/merge_maps__type_support.cpp
[162.182s] -- Installing: /home/autodrive_devkit/src/install/slam_toolbox/include/slam_toolbox/slam_toolbox/srv/detail/add_submap__rosidl_typesupport_introspection_cpp.hpp
[162.183s] -- Installing: /home/autodrive_devkit/src/install/slam_toolbox/include/slam_toolbox/slam_toolbox/srv/detail/toggle_interactive__rosidl_typesupport_introspection_cpp.hpp
[162.183s] -- Installing: /home/autodrive_devkit/src/install/slam_toolbox/include/slam_toolbox/slam_toolbox/srv/detail/pause__type_support.cpp
[162.184s] -- Installing: /home/autodrive_devkit/src/install/slam_toolbox/include/slam_toolbox/slam_toolbox/srv/detail/merge_maps__rosidl_typesupport_introspection_cpp.hpp
[162.184s] -- Installing: /home/autodrive_devkit/src/install/slam_toolbox/include/slam_toolbox/slam_toolbox/srv/detail/serialize_pose_graph__rosidl_typesupport_introspection_cpp.hpp
[162.185s] -- Installing: /home/autodrive_devkit/src/install/slam_toolbox/include/slam_toolbox/slam_toolbox/srv/detail/save_map__rosidl_typesupport_introspection_cpp.hpp
[162.185s] -- Installing: /home/autodrive_devkit/src/install/slam_toolbox/include/slam_toolbox/slam_toolbox/srv/detail/add_submap__type_support.cpp
[162.186s] -- Installing: /home/autodrive_devkit/src/install/slam_toolbox/include/slam_toolbox/slam_toolbox/srv/detail/loop_closure__type_support.cpp
[162.186s] -- Installing: /home/autodrive_devkit/src/install/slam_toolbox/include/slam_toolbox/slam_toolbox/srv/detail/clear__rosidl_typesupport_introspection_cpp.hpp
[162.187s] -- Installing: /home/autodrive_devkit/src/install/slam_toolbox/lib/libslam_toolbox__rosidl_typesupport_introspection_cpp.so
[162.188s] -- Set runtime path of "/home/autodrive_devkit/src/install/slam_toolbox/lib/libslam_toolbox__rosidl_typesupport_introspection_cpp.so" to ""
[162.188s] -- Installing: /home/autodrive_devkit/src/install/slam_toolbox/lib/libslam_toolbox__rosidl_typesupport_cpp.so
[162.189s] -- Set runtime path of "/home/autodrive_devkit/src/install/slam_toolbox/lib/libslam_toolbox__rosidl_typesupport_cpp.so" to ""
[162.189s] -- Installing: /home/autodrive_devkit/src/install/slam_toolbox/share/slam_toolbox/environment/pythonpath.sh
[162.190s] -- Installing: /home/autodrive_devkit/src/install/slam_toolbox/share/slam_toolbox/environment/pythonpath.dsv
[162.190s] -- Installing: /home/autodrive_devkit/src/install/slam_toolbox/local/lib/python3.10/dist-packages/slam_toolbox-2.6.10-py3.10.egg-info
[162.193s] -- Installing: /home/autodrive_devkit/src/install/slam_toolbox/local/lib/python3.10/dist-packages/slam_toolbox-2.6.10-py3.10.egg-info/SOURCES.txt
[162.194s] -- Installing: /home/autodrive_devkit/src/install/slam_toolbox/local/lib/python3.10/dist-packages/slam_toolbox-2.6.10-py3.10.egg-info/top_level.txt
[162.194s] -- Installing: /home/autodrive_devkit/src/install/slam_toolbox/local/lib/python3.10/dist-packages/slam_toolbox-2.6.10-py3.10.egg-info/dependency_links.txt
[162.195s] -- Installing: /home/autodrive_devkit/src/install/slam_toolbox/local/lib/python3.10/dist-packages/slam_toolbox-2.6.10-py3.10.egg-info/PKG-INFO
[162.195s] -- Installing: /home/autodrive_devkit/src/install/slam_toolbox/local/lib/python3.10/dist-packages/slam_toolbox
[162.196s] -- Installing: /home/autodrive_devkit/src/install/slam_toolbox/local/lib/python3.10/dist-packages/slam_toolbox/srv
[162.196s] -- Installing: /home/autodrive_devkit/src/install/slam_toolbox/local/lib/python3.10/dist-packages/slam_toolbox/srv/_pause.py
[162.197s] -- Installing: /home/autodrive_devkit/src/install/slam_toolbox/local/lib/python3.10/dist-packages/slam_toolbox/srv/_clear.py
[162.198s] -- Installing: /home/autodrive_devkit/src/install/slam_toolbox/local/lib/python3.10/dist-packages/slam_toolbox/srv/_serialize_pose_graph_s.c
[162.198s] -- Installing: /home/autodrive_devkit/src/install/slam_toolbox/local/lib/python3.10/dist-packages/slam_toolbox/srv/_save_map.py
[162.198s] -- Installing: /home/autodrive_devkit/src/install/slam_toolbox/local/lib/python3.10/dist-packages/slam_toolbox/srv/_loop_closure_s.c
[162.199s] -- Installing: /home/autodrive_devkit/src/install/slam_toolbox/local/lib/python3.10/dist-packages/slam_toolbox/srv/_loop_closure.py
[162.199s] -- Installing: /home/autodrive_devkit/src/install/slam_toolbox/local/lib/python3.10/dist-packages/slam_toolbox/srv/_save_map_s.c
[162.200s] -- Installing: /home/autodrive_devkit/src/install/slam_toolbox/local/lib/python3.10/dist-packages/slam_toolbox/srv/_merge_maps.py
[162.200s] -- Installing: /home/autodrive_devkit/src/install/slam_toolbox/local/lib/python3.10/dist-packages/slam_toolbox/srv/_serialize_pose_graph.py
[162.201s] -- Installing: /home/autodrive_devkit/src/install/slam_toolbox/local/lib/python3.10/dist-packages/slam_toolbox/srv/_merge_maps_s.c
[162.201s] -- Installing: /home/autodrive_devkit/src/install/slam_toolbox/local/lib/python3.10/dist-packages/slam_toolbox/srv/_toggle_interactive_s.c
[162.201s] -- Installing: /home/autodrive_devkit/src/install/slam_toolbox/local/lib/python3.10/dist-packages/slam_toolbox/srv/_clear_queue_s.c
[162.202s] -- Installing: /home/autodrive_devkit/src/install/slam_toolbox/local/lib/python3.10/dist-packages/slam_toolbox/srv/__init__.py
[162.202s] -- Installing: /home/autodrive_devkit/src/install/slam_toolbox/local/lib/python3.10/dist-packages/slam_toolbox/srv/_pause_s.c
[162.203s] -- Installing: /home/autodrive_devkit/src/install/slam_toolbox/local/lib/python3.10/dist-packages/slam_toolbox/srv/_toggle_interactive.py
[162.203s] -- Installing: /home/autodrive_devkit/src/install/slam_toolbox/local/lib/python3.10/dist-packages/slam_toolbox/srv/_add_submap_s.c
[162.204s] -- Installing: /home/autodrive_devkit/src/install/slam_toolbox/local/lib/python3.10/dist-packages/slam_toolbox/srv/_clear_queue.py
[162.204s] -- Installing: /home/autodrive_devkit/src/install/slam_toolbox/local/lib/python3.10/dist-packages/slam_toolbox/srv/_add_submap.py
[162.205s] -- Installing: /home/autodrive_devkit/src/install/slam_toolbox/local/lib/python3.10/dist-packages/slam_toolbox/srv/_deserialize_pose_graph.py
[162.205s] -- Installing: /home/autodrive_devkit/src/install/slam_toolbox/local/lib/python3.10/dist-packages/slam_toolbox/srv/_deserialize_pose_graph_s.c
[162.205s] -- Installing: /home/autodrive_devkit/src/install/slam_toolbox/local/lib/python3.10/dist-packages/slam_toolbox/srv/_clear_s.c
[162.206s] -- Installing: /home/autodrive_devkit/src/install/slam_toolbox/local/lib/python3.10/dist-packages/slam_toolbox/slam_toolbox_s__rosidl_typesupport_fastrtps_c.cpython-310-x86_64-linux-gnu.so
[162.207s] -- Installing: /home/autodrive_devkit/src/install/slam_toolbox/local/lib/python3.10/dist-packages/slam_toolbox/libslam_toolbox__rosidl_generator_py.so
[162.207s] -- Installing: /home/autodrive_devkit/src/install/slam_toolbox/local/lib/python3.10/dist-packages/slam_toolbox/slam_toolbox_s__rosidl_typesupport_introspection_c.cpython-310-x86_64-linux-gnu.so
[162.208s] -- Installing: /home/autodrive_devkit/src/install/slam_toolbox/local/lib/python3.10/dist-packages/slam_toolbox/slam_toolbox_s__rosidl_typesupport_c.cpython-310-x86_64-linux-gnu.so
[162.209s] -- Installing: /home/autodrive_devkit/src/install/slam_toolbox/local/lib/python3.10/dist-packages/slam_toolbox/__init__.py
[162.209s] -- Installing: /home/autodrive_devkit/src/install/slam_toolbox/local/lib/python3.10/dist-packages/slam_toolbox/_slam_toolbox_s.ep.rosidl_typesupport_fastrtps_c.c
[162.210s] -- Installing: /home/autodrive_devkit/src/install/slam_toolbox/local/lib/python3.10/dist-packages/slam_toolbox/_slam_toolbox_s.ep.rosidl_typesupport_introspection_c.c
[162.211s] -- Installing: /home/autodrive_devkit/src/install/slam_toolbox/local/lib/python3.10/dist-packages/slam_toolbox/_slam_toolbox_s.ep.rosidl_typesupport_c.c
[162.321s] Listing '/home/autodrive_devkit/src/install/slam_toolbox/local/lib/python3.10/dist-packages/slam_toolbox'...
[162.321s] Compiling '/home/autodrive_devkit/src/install/slam_toolbox/local/lib/python3.10/dist-packages/slam_toolbox/__init__.py'...
[162.321s] Listing '/home/autodrive_devkit/src/install/slam_toolbox/local/lib/python3.10/dist-packages/slam_toolbox/srv'...
[162.321s] Compiling '/home/autodrive_devkit/src/install/slam_toolbox/local/lib/python3.10/dist-packages/slam_toolbox/srv/__init__.py'...
[162.321s] Compiling '/home/autodrive_devkit/src/install/slam_toolbox/local/lib/python3.10/dist-packages/slam_toolbox/srv/_add_submap.py'...
[162.322s] Compiling '/home/autodrive_devkit/src/install/slam_toolbox/local/lib/python3.10/dist-packages/slam_toolbox/srv/_clear.py'...
[162.322s] Compiling '/home/autodrive_devkit/src/install/slam_toolbox/local/lib/python3.10/dist-packages/slam_toolbox/srv/_clear_queue.py'...
[162.322s] Compiling '/home/autodrive_devkit/src/install/slam_toolbox/local/lib/python3.10/dist-packages/slam_toolbox/srv/_deserialize_pose_graph.py'...
[162.322s] Compiling '/home/autodrive_devkit/src/install/slam_toolbox/local/lib/python3.10/dist-packages/slam_toolbox/srv/_loop_closure.py'...
[162.322s] Compiling '/home/autodrive_devkit/src/install/slam_toolbox/local/lib/python3.10/dist-packages/slam_toolbox/srv/_merge_maps.py'...
[162.322s] Compiling '/home/autodrive_devkit/src/install/slam_toolbox/local/lib/python3.10/dist-packages/slam_toolbox/srv/_pause.py'...
[162.322s] Compiling '/home/autodrive_devkit/src/install/slam_toolbox/local/lib/python3.10/dist-packages/slam_toolbox/srv/_save_map.py'...
[162.322s] Compiling '/home/autodrive_devkit/src/install/slam_toolbox/local/lib/python3.10/dist-packages/slam_toolbox/srv/_serialize_pose_graph.py'...
[162.322s] Compiling '/home/autodrive_devkit/src/install/slam_toolbox/local/lib/python3.10/dist-packages/slam_toolbox/srv/_toggle_interactive.py'...
[162.326s] -- Installing: /home/autodrive_devkit/src/install/slam_toolbox/local/lib/python3.10/dist-packages/slam_toolbox/slam_toolbox_s__rosidl_typesupport_fastrtps_c.cpython-310-x86_64-linux-gnu.so
[162.327s] -- Set runtime path of "/home/autodrive_devkit/src/install/slam_toolbox/local/lib/python3.10/dist-packages/slam_toolbox/slam_toolbox_s__rosidl_typesupport_fastrtps_c.cpython-310-x86_64-linux-gnu.so" to ""
[162.327s] -- Installing: /home/autodrive_devkit/src/install/slam_toolbox/local/lib/python3.10/dist-packages/slam_toolbox/slam_toolbox_s__rosidl_typesupport_introspection_c.cpython-310-x86_64-linux-gnu.so
[162.327s] -- Set runtime path of "/home/autodrive_devkit/src/install/slam_toolbox/local/lib/python3.10/dist-packages/slam_toolbox/slam_toolbox_s__rosidl_typesupport_introspection_c.cpython-310-x86_64-linux-gnu.so" to ""
[162.328s] -- Installing: /home/autodrive_devkit/src/install/slam_toolbox/local/lib/python3.10/dist-packages/slam_toolbox/slam_toolbox_s__rosidl_typesupport_c.cpython-310-x86_64-linux-gnu.so
[162.328s] -- Set runtime path of "/home/autodrive_devkit/src/install/slam_toolbox/local/lib/python3.10/dist-packages/slam_toolbox/slam_toolbox_s__rosidl_typesupport_c.cpython-310-x86_64-linux-gnu.so" to ""
[162.328s] -- Installing: /home/autodrive_devkit/src/install/slam_toolbox/lib/libslam_toolbox__rosidl_generator_py.so
[162.329s] -- Set runtime path of "/home/autodrive_devkit/src/install/slam_toolbox/lib/libslam_toolbox__rosidl_generator_py.so" to ""
[162.330s] -- Installing: /home/autodrive_devkit/src/install/slam_toolbox/share/slam_toolbox/srv/Pause.idl
[162.331s] -- Installing: /home/autodrive_devkit/src/install/slam_toolbox/share/slam_toolbox/srv/ClearQueue.idl
[162.332s] -- Installing: /home/autodrive_devkit/src/install/slam_toolbox/share/slam_toolbox/srv/ToggleInteractive.idl
[162.332s] -- Installing: /home/autodrive_devkit/src/install/slam_toolbox/share/slam_toolbox/srv/Clear.idl
[162.333s] -- Installing: /home/autodrive_devkit/src/install/slam_toolbox/share/slam_toolbox/srv/SaveMap.idl
[162.333s] -- Installing: /home/autodrive_devkit/src/install/slam_toolbox/share/slam_toolbox/srv/LoopClosure.idl
[162.334s] -- Installing: /home/autodrive_devkit/src/install/slam_toolbox/share/slam_toolbox/srv/MergeMaps.idl
[162.334s] -- Installing: /home/autodrive_devkit/src/install/slam_toolbox/share/slam_toolbox/srv/AddSubmap.idl
[162.335s] -- Installing: /home/autodrive_devkit/src/install/slam_toolbox/share/slam_toolbox/srv/DeserializePoseGraph.idl
[162.335s] -- Installing: /home/autodrive_devkit/src/install/slam_toolbox/share/slam_toolbox/srv/SerializePoseGraph.idl
[162.336s] -- Installing: /home/autodrive_devkit/src/install/slam_toolbox/share/slam_toolbox/srv/Pause.srv
[162.337s] -- Installing: /home/autodrive_devkit/src/install/slam_toolbox/share/slam_toolbox/srv/Pause_Request.msg
[162.338s] -- Installing: /home/autodrive_devkit/src/install/slam_toolbox/share/slam_toolbox/srv/Pause_Response.msg
[162.338s] -- Installing: /home/autodrive_devkit/src/install/slam_toolbox/share/slam_toolbox/srv/ClearQueue.srv
[162.339s] -- Installing: /home/autodrive_devkit/src/install/slam_toolbox/share/slam_toolbox/srv/ClearQueue_Request.msg
[162.340s] -- Installing: /home/autodrive_devkit/src/install/slam_toolbox/share/slam_toolbox/srv/ClearQueue_Response.msg
[162.340s] -- Installing: /home/autodrive_devkit/src/install/slam_toolbox/share/slam_toolbox/srv/ToggleInteractive.srv
[162.341s] -- Installing: /home/autodrive_devkit/src/install/slam_toolbox/share/slam_toolbox/srv/ToggleInteractive_Request.msg
[162.341s] -- Installing: /home/autodrive_devkit/src/install/slam_toolbox/share/slam_toolbox/srv/ToggleInteractive_Response.msg
[162.342s] -- Installing: /home/autodrive_devkit/src/install/slam_toolbox/share/slam_toolbox/srv/Clear.srv
[162.342s] -- Installing: /home/autodrive_devkit/src/install/slam_toolbox/share/slam_toolbox/srv/Clear_Request.msg
[162.343s] -- Installing: /home/autodrive_devkit/src/install/slam_toolbox/share/slam_toolbox/srv/Clear_Response.msg
[162.343s] -- Installing: /home/autodrive_devkit/src/install/slam_toolbox/share/slam_toolbox/srv/SaveMap.srv
[162.343s] -- Installing: /home/autodrive_devkit/src/install/slam_toolbox/share/slam_toolbox/srv/SaveMap_Request.msg
[162.344s] -- Installing: /home/autodrive_devkit/src/install/slam_toolbox/share/slam_toolbox/srv/SaveMap_Response.msg
[162.345s] -- Installing: /home/autodrive_devkit/src/install/slam_toolbox/share/slam_toolbox/srv/LoopClosure.srv
[162.345s] -- Installing: /home/autodrive_devkit/src/install/slam_toolbox/share/slam_toolbox/srv/LoopClosure_Request.msg
[162.346s] -- Installing: /home/autodrive_devkit/src/install/slam_toolbox/share/slam_toolbox/srv/LoopClosure_Response.msg
[162.346s] -- Installing: /home/autodrive_devkit/src/install/slam_toolbox/share/slam_toolbox/srv/MergeMaps.srv
[162.346s] -- Installing: /home/autodrive_devkit/src/install/slam_toolbox/share/slam_toolbox/srv/MergeMaps_Request.msg
[162.347s] -- Installing: /home/autodrive_devkit/src/install/slam_toolbox/share/slam_toolbox/srv/MergeMaps_Response.msg
[162.347s] -- Installing: /home/autodrive_devkit/src/install/slam_toolbox/share/slam_toolbox/srv/AddSubmap.srv
[162.348s] -- Installing: /home/autodrive_devkit/src/install/slam_toolbox/share/slam_toolbox/srv/AddSubmap_Request.msg
[162.348s] -- Installing: /home/autodrive_devkit/src/install/slam_toolbox/share/slam_toolbox/srv/AddSubmap_Response.msg
[162.348s] -- Installing: /home/autodrive_devkit/src/install/slam_toolbox/share/slam_toolbox/srv/DeserializePoseGraph.srv
[162.349s] -- Installing: /home/autodrive_devkit/src/install/slam_toolbox/share/slam_toolbox/srv/DeserializePoseGraph_Request.msg
[162.349s] -- Installing: /home/autodrive_devkit/src/install/slam_toolbox/share/slam_toolbox/srv/DeserializePoseGraph_Response.msg
[162.350s] -- Installing: /home/autodrive_devkit/src/install/slam_toolbox/share/slam_toolbox/srv/SerializePoseGraph.srv
[162.350s] -- Installing: /home/autodrive_devkit/src/install/slam_toolbox/share/slam_toolbox/srv/SerializePoseGraph_Request.msg
[162.351s] -- Installing: /home/autodrive_devkit/src/install/slam_toolbox/share/slam_toolbox/srv/SerializePoseGraph_Response.msg
[162.351s] -- Installing: /home/autodrive_devkit/src/install/slam_toolbox/share/slam_toolbox/rviz_plugins.xml
[162.352s] -- Installing: /home/autodrive_devkit/src/install/slam_toolbox/share/slam_toolbox/solver_plugins.xml
[162.353s] -- Installing: /home/autodrive_devkit/src/install/slam_toolbox/lib/slam_toolbox/async_slam_toolbox_node
[162.356s] -- Set runtime path of "/home/autodrive_devkit/src/install/slam_toolbox/lib/slam_toolbox/async_slam_toolbox_node" to ""
[162.356s] -- Installing: /home/autodrive_devkit/src/install/slam_toolbox/lib/slam_toolbox/sync_slam_toolbox_node
[162.358s] -- Set runtime path of "/home/autodrive_devkit/src/install/slam_toolbox/lib/slam_toolbox/sync_slam_toolbox_node" to ""
[162.358s] -- Installing: /home/autodrive_devkit/src/install/slam_toolbox/lib/slam_toolbox/localization_slam_toolbox_node
[162.360s] -- Set runtime path of "/home/autodrive_devkit/src/install/slam_toolbox/lib/slam_toolbox/localization_slam_toolbox_node" to ""
[162.360s] -- Installing: /home/autodrive_devkit/src/install/slam_toolbox/lib/slam_toolbox/map_and_localization_slam_toolbox_node
[162.363s] -- Set runtime path of "/home/autodrive_devkit/src/install/slam_toolbox/lib/slam_toolbox/map_and_localization_slam_toolbox_node" to ""
[162.363s] -- Installing: /home/autodrive_devkit/src/install/slam_toolbox/lib/slam_toolbox/merge_maps_kinematic
[162.366s] -- Set runtime path of "/home/autodrive_devkit/src/install/slam_toolbox/lib/slam_toolbox/merge_maps_kinematic" to ""
[162.366s] -- Installing: /home/autodrive_devkit/src/install/slam_toolbox/lib/libtoolbox_common.so
[162.377s] -- Set runtime path of "/home/autodrive_devkit/src/install/slam_toolbox/lib/libtoolbox_common.so" to ""
[162.377s] -- Installing: /home/autodrive_devkit/src/install/slam_toolbox/lib/libSlamToolboxPlugin.so
[162.383s] -- Set runtime path of "/home/autodrive_devkit/src/install/slam_toolbox/lib/libSlamToolboxPlugin.so" to ""
[162.383s] -- Installing: /home/autodrive_devkit/src/install/slam_toolbox/lib/libceres_solver_plugin.so
[162.386s] -- Set runtime path of "/home/autodrive_devkit/src/install/slam_toolbox/lib/libceres_solver_plugin.so" to ""
[162.386s] -- Installing: /home/autodrive_devkit/src/install/slam_toolbox/lib/libasync_slam_toolbox.so
[162.389s] -- Set runtime path of "/home/autodrive_devkit/src/install/slam_toolbox/lib/libasync_slam_toolbox.so" to ""
[162.389s] -- Installing: /home/autodrive_devkit/src/install/slam_toolbox/lib/libsync_slam_toolbox.so
[162.391s] -- Set runtime path of "/home/autodrive_devkit/src/install/slam_toolbox/lib/libsync_slam_toolbox.so" to ""
[162.391s] -- Installing: /home/autodrive_devkit/src/install/slam_toolbox/lib/liblocalization_slam_toolbox.so
[162.396s] -- Set runtime path of "/home/autodrive_devkit/src/install/slam_toolbox/lib/liblocalization_slam_toolbox.so" to ""
[162.396s] -- Installing: /home/autodrive_devkit/src/install/slam_toolbox/lib/liblifelong_slam_toolbox.so
[162.398s] -- Set runtime path of "/home/autodrive_devkit/src/install/slam_toolbox/lib/liblifelong_slam_toolbox.so" to ""
[162.398s] -- Installing: /home/autodrive_devkit/src/install/slam_toolbox/lib/libmap_and_localization_slam_toolbox.so
[162.403s] -- Set runtime path of "/home/autodrive_devkit/src/install/slam_toolbox/lib/libmap_and_localization_slam_toolbox.so" to ""
[162.403s] -- Installing: /home/autodrive_devkit/src/install/slam_toolbox/lib/libkartoSlamToolbox.so
[162.413s] -- Set runtime path of "/home/autodrive_devkit/src/install/slam_toolbox/lib/libkartoSlamToolbox.so" to ""
[162.413s] -- Up-to-date: /home/autodrive_devkit/src/install/slam_toolbox/lib/libSlamToolboxPlugin.so
[162.414s] -- Up-to-date: /home/autodrive_devkit/src/install/slam_toolbox/include
[162.414s] -- Up-to-date: /home/autodrive_devkit/src/install/slam_toolbox/include/slam_toolbox
[162.414s] -- Installing: /home/autodrive_devkit/src/install/slam_toolbox/include/slam_toolbox/toolbox_msgs.hpp
[162.414s] -- Installing: /home/autodrive_devkit/src/install/slam_toolbox/include/slam_toolbox/slam_mapper.hpp
[162.414s] -- Installing: /home/autodrive_devkit/src/install/slam_toolbox/include/slam_toolbox/visualization_utils.hpp
[162.414s] -- Installing: /home/autodrive_devkit/src/install/slam_toolbox/include/slam_toolbox/map_saver.hpp
[162.414s] -- Installing: /home/autodrive_devkit/src/install/slam_toolbox/include/slam_toolbox/slam_toolbox_common.hpp
[162.415s] -- Installing: /home/autodrive_devkit/src/install/slam_toolbox/include/slam_toolbox/slam_toolbox_sync.hpp
[162.415s] -- Installing: /home/autodrive_devkit/src/install/slam_toolbox/include/slam_toolbox/get_pose_helper.hpp
[162.415s] -- Installing: /home/autodrive_devkit/src/install/slam_toolbox/include/slam_toolbox/experimental
[162.416s] -- Installing: /home/autodrive_devkit/src/install/slam_toolbox/include/slam_toolbox/experimental/slam_toolbox_lifelong.hpp
[162.416s] -- Installing: /home/autodrive_devkit/src/install/slam_toolbox/include/slam_toolbox/experimental/slam_toolbox_map_and_localization.hpp
[162.416s] -- Installing: /home/autodrive_devkit/src/install/slam_toolbox/include/slam_toolbox/serialization.hpp
[162.417s] -- Installing: /home/autodrive_devkit/src/install/slam_toolbox/include/slam_toolbox/loop_closure_assistant.hpp
[162.417s] -- Installing: /home/autodrive_devkit/src/install/slam_toolbox/include/slam_toolbox/merge_maps_kinematic.hpp
[162.417s] -- Installing: /home/autodrive_devkit/src/install/slam_toolbox/include/slam_toolbox/snap_utils.hpp
[162.418s] -- Installing: /home/autodrive_devkit/src/install/slam_toolbox/include/slam_toolbox/slam_toolbox_localization.hpp
[162.418s] -- Installing: /home/autodrive_devkit/src/install/slam_toolbox/include/slam_toolbox/toolbox_types.hpp
[162.418s] -- Installing: /home/autodrive_devkit/src/install/slam_toolbox/include/slam_toolbox/slam_toolbox_async.hpp
[162.418s] -- Installing: /home/autodrive_devkit/src/install/slam_toolbox/include/slam_toolbox/laser_utils.hpp
[162.418s] -- Installing: /home/autodrive_devkit/src/install/slam_toolbox/share/slam_toolbox/launch
[162.419s] -- Installing: /home/autodrive_devkit/src/install/slam_toolbox/share/slam_toolbox/launch/online_async_launch.py
[162.420s] -- Installing: /home/autodrive_devkit/src/install/slam_toolbox/share/slam_toolbox/launch/merge_maps_kinematic_launch.py
[162.420s] -- Installing: /home/autodrive_devkit/src/install/slam_toolbox/share/slam_toolbox/launch/localization_launch.py
[162.421s] -- Installing: /home/autodrive_devkit/src/install/slam_toolbox/share/slam_toolbox/launch/offline_launch.py
[162.421s] -- Installing: /home/autodrive_devkit/src/install/slam_toolbox/share/slam_toolbox/launch/online_sync_launch.py
[162.422s] -- Installing: /home/autodrive_devkit/src/install/slam_toolbox/share/slam_toolbox/config
[162.422s] -- Installing: /home/autodrive_devkit/src/install/slam_toolbox/share/slam_toolbox/config/mapper_params_offline.yaml
[162.423s] -- Installing: /home/autodrive_devkit/src/install/slam_toolbox/share/slam_toolbox/config/mapper_params_lifelong.yaml
[162.423s] -- Installing: /home/autodrive_devkit/src/install/slam_toolbox/share/slam_toolbox/config/mapper_params_localization.yaml
[162.424s] -- Installing: /home/autodrive_devkit/src/install/slam_toolbox/share/slam_toolbox/config/mapper_params_online_async.yaml
[162.424s] -- Installing: /home/autodrive_devkit/src/install/slam_toolbox/share/slam_toolbox/config/slam_toolbox_default.rviz
[162.425s] -- Installing: /home/autodrive_devkit/src/install/slam_toolbox/share/slam_toolbox/config/mapper_params_online_sync.yaml
[162.425s] -- Installing: /home/autodrive_devkit/src/install/slam_toolbox/share/solver_plugins.xml
[162.425s] -- Installing: /home/autodrive_devkit/src/install/slam_toolbox/share/rviz_plugins.xml
[162.427s] -- Installing: /home/autodrive_devkit/src/install/slam_toolbox/share/ament_index/resource_index/package_run_dependencies/slam_toolbox
[162.428s] -- Installing: /home/autodrive_devkit/src/install/slam_toolbox/share/ament_index/resource_index/parent_prefix_path/slam_toolbox
[162.432s] -- Installing: /home/autodrive_devkit/src/install/slam_toolbox/share/slam_toolbox/environment/ament_prefix_path.sh
[162.432s] -- Installing: /home/autodrive_devkit/src/install/slam_toolbox/share/slam_toolbox/environment/ament_prefix_path.dsv
[162.432s] -- Installing: /home/autodrive_devkit/src/install/slam_toolbox/share/slam_toolbox/environment/path.sh
[162.433s] -- Installing: /home/autodrive_devkit/src/install/slam_toolbox/share/slam_toolbox/environment/path.dsv
[162.434s] -- Installing: /home/autodrive_devkit/src/install/slam_toolbox/share/slam_toolbox/local_setup.bash
[162.434s] -- Installing: /home/autodrive_devkit/src/install/slam_toolbox/share/slam_toolbox/local_setup.sh
[162.435s] -- Installing: /home/autodrive_devkit/src/install/slam_toolbox/share/slam_toolbox/local_setup.zsh
[162.435s] -- Installing: /home/autodrive_devkit/src/install/slam_toolbox/share/slam_toolbox/local_setup.dsv
[162.435s] -- Installing: /home/autodrive_devkit/src/install/slam_toolbox/share/slam_toolbox/package.dsv
[162.437s] -- Installing: /home/autodrive_devkit/src/install/slam_toolbox/share/ament_index/resource_index/packages/slam_toolbox
[162.438s] -- Installing: /home/autodrive_devkit/src/install/slam_toolbox/share/ament_index/resource_index/rviz_common__pluginlib__plugin/slam_toolbox
[162.439s] -- Installing: /home/autodrive_devkit/src/install/slam_toolbox/share/ament_index/resource_index/slam_toolbox__pluginlib__plugin/slam_toolbox
[162.440s] -- Installing: /home/autodrive_devkit/src/install/slam_toolbox/share/slam_toolbox/cmake/export_slam_toolbox__rosidl_generator_cExport.cmake
[162.441s] -- Installing: /home/autodrive_devkit/src/install/slam_toolbox/share/slam_toolbox/cmake/export_slam_toolbox__rosidl_generator_cExport-release.cmake
[162.442s] -- Installing: /home/autodrive_devkit/src/install/slam_toolbox/share/slam_toolbox/cmake/export_slam_toolbox__rosidl_typesupport_fastrtps_cExport.cmake
[162.442s] -- Installing: /home/autodrive_devkit/src/install/slam_toolbox/share/slam_toolbox/cmake/export_slam_toolbox__rosidl_typesupport_fastrtps_cExport-release.cmake
[162.443s] -- Installing: /home/autodrive_devkit/src/install/slam_toolbox/share/slam_toolbox/cmake/export_slam_toolbox__rosidl_generator_cppExport.cmake
[162.444s] -- Installing: /home/autodrive_devkit/src/install/slam_toolbox/share/slam_toolbox/cmake/export_slam_toolbox__rosidl_typesupport_fastrtps_cppExport.cmake
[162.444s] -- Installing: /home/autodrive_devkit/src/install/slam_toolbox/share/slam_toolbox/cmake/export_slam_toolbox__rosidl_typesupport_fastrtps_cppExport-release.cmake
[162.445s] -- Installing: /home/autodrive_devkit/src/install/slam_toolbox/share/slam_toolbox/cmake/slam_toolbox__rosidl_typesupport_introspection_cExport.cmake
[162.445s] -- Installing: /home/autodrive_devkit/src/install/slam_toolbox/share/slam_toolbox/cmake/slam_toolbox__rosidl_typesupport_introspection_cExport-release.cmake
[162.446s] -- Installing: /home/autodrive_devkit/src/install/slam_toolbox/share/slam_toolbox/cmake/slam_toolbox__rosidl_typesupport_cExport.cmake
[162.446s] -- Installing: /home/autodrive_devkit/src/install/slam_toolbox/share/slam_toolbox/cmake/slam_toolbox__rosidl_typesupport_cExport-release.cmake
[162.446s] -- Installing: /home/autodrive_devkit/src/install/slam_toolbox/share/slam_toolbox/cmake/slam_toolbox__rosidl_typesupport_introspection_cppExport.cmake
[162.447s] -- Installing: /home/autodrive_devkit/src/install/slam_toolbox/share/slam_toolbox/cmake/slam_toolbox__rosidl_typesupport_introspection_cppExport-release.cmake
[162.447s] -- Installing: /home/autodrive_devkit/src/install/slam_toolbox/share/slam_toolbox/cmake/slam_toolbox__rosidl_typesupport_cppExport.cmake
[162.448s] -- Installing: /home/autodrive_devkit/src/install/slam_toolbox/share/slam_toolbox/cmake/slam_toolbox__rosidl_typesupport_cppExport-release.cmake
[162.448s] -- Installing: /home/autodrive_devkit/src/install/slam_toolbox/share/slam_toolbox/cmake/export_slam_toolbox__rosidl_generator_pyExport.cmake
[162.449s] -- Installing: /home/autodrive_devkit/src/install/slam_toolbox/share/slam_toolbox/cmake/export_slam_toolbox__rosidl_generator_pyExport-release.cmake
[162.450s] -- Installing: /home/autodrive_devkit/src/install/slam_toolbox/share/slam_toolbox/cmake/SlamToolboxPluginExport.cmake
[162.450s] -- Installing: /home/autodrive_devkit/src/install/slam_toolbox/share/slam_toolbox/cmake/SlamToolboxPluginExport-release.cmake
[162.452s] -- Installing: /home/autodrive_devkit/src/install/slam_toolbox/share/ament_index/resource_index/rclcpp_components/slam_toolbox
[162.453s] -- Installing: /home/autodrive_devkit/src/install/slam_toolbox/share/slam_toolbox/cmake/rosidl_cmake-extras.cmake
[162.453s] -- Installing: /home/autodrive_devkit/src/install/slam_toolbox/share/slam_toolbox/cmake/ament_cmake_export_dependencies-extras.cmake
[162.454s] -- Installing: /home/autodrive_devkit/src/install/slam_toolbox/share/slam_toolbox/cmake/ament_cmake_export_include_directories-extras.cmake
[162.455s] -- Installing: /home/autodrive_devkit/src/install/slam_toolbox/share/slam_toolbox/cmake/ament_cmake_export_libraries-extras.cmake
[162.455s] -- Installing: /home/autodrive_devkit/src/install/slam_toolbox/share/slam_toolbox/cmake/ament_cmake_export_targets-extras.cmake
[162.456s] -- Installing: /home/autodrive_devkit/src/install/slam_toolbox/share/slam_toolbox/cmake/rosidl_cmake_export_typesupport_targets-extras.cmake
[162.456s] -- Installing: /home/autodrive_devkit/src/install/slam_toolbox/share/slam_toolbox/cmake/rosidl_cmake_export_typesupport_libraries-extras.cmake
[162.457s] -- Installing: /home/autodrive_devkit/src/install/slam_toolbox/share/slam_toolbox/cmake/slam_toolboxConfig.cmake
[162.458s] -- Installing: /home/autodrive_devkit/src/install/slam_toolbox/share/slam_toolbox/cmake/slam_toolboxConfig-version.cmake
[162.458s] -- Installing: /home/autodrive_devkit/src/install/slam_toolbox/share/slam_toolbox/package.xml
[162.459s] -- Up-to-date: /home/autodrive_devkit/src/install/slam_toolbox/include/
[162.459s] -- Installing: /home/autodrive_devkit/src/install/slam_toolbox/include//karto_sdk
[162.460s] -- Installing: /home/autodrive_devkit/src/install/slam_toolbox/include//karto_sdk/Macros.h
[162.460s] -- Installing: /home/autodrive_devkit/src/install/slam_toolbox/include//karto_sdk/Karto.h
[162.461s] -- Installing: /home/autodrive_devkit/src/install/slam_toolbox/include//karto_sdk/Mapper.h
[162.461s] -- Installing: /home/autodrive_devkit/src/install/slam_toolbox/include//karto_sdk/Math.h
[162.461s] -- Installing: /home/autodrive_devkit/src/install/slam_toolbox/include//karto_sdk/Types.h
[162.461s] -- Installing: /home/autodrive_devkit/src/install/slam_toolbox/include//karto_sdk/nanoflann.hpp
[162.462s] -- Installing: /home/autodrive_devkit/src/install/slam_toolbox/include//karto_sdk/nanoflann_adaptors.h
[162.478s] Invoked command in '/home/autodrive_devkit/src/build/slam_toolbox' returned '0': CMAKE_PREFIX_PATH=/home/autodrive_devkit/install/simple_agent:/home/autodrive_devkit/install/autodrive_roboracer:/opt/ros/humble /usr/bin/cmake --install /home/autodrive_devkit/src/build/slam_toolbox
